This is pdfTeX, Version 3.141592653-2.6-1.40.25 (MiKTeX 24.1) (preloaded format=pdflatex 2025.7.25)  8 AUG 2025 09:22
entering extended mode
 restricted \write18 enabled.
 %&-line parsing enabled.
**./de.tex
(de.tex
LaTeX2e <2023-11-01> patch level 1
L3 programming layer <2024-01-04>
(E:\installationFolder\Latex\tex/latex/base\article.cls
Document Class: article 2023/05/17 v1.4n Standard LaTeX document class
(E:\installationFolder\Latex\tex/latex/base\size12.clo
File: size12.clo 2023/05/17 v1.4n Standard LaTeX file (size option)
)
\c@part=\count187
\c@section=\count188
\c@subsection=\count189
\c@subsubsection=\count190
\c@paragraph=\count191
\c@subparagraph=\count192
\c@figure=\count193
\c@table=\count194
\abovecaptionskip=\skip48
\belowcaptionskip=\skip49
\bibindent=\dimen140
)
(E:\installationFolder\Latex\tex/latex/vntex\vietnam.sty
Package: vietnam 2009/07/12 v1.3 support for Vietnamese

(E:\installationFolder\Latex\tex/latex/base\ifthen.sty
Package: ifthen 2022/04/13 v1.1d Standard LaTeX ifthen package (DPC)
)
(E:\installationFolder\Latex\tex/latex/base\fontenc.sty
Package: fontenc 2021/04/29 v2.0v Standard LaTeX package

(E:\installationFolder\Latex\tex/latex/vntex\t5enc.def
File: t5enc.def 2006/11/21 v1.4 Vietnamese T5 encoding
Now handling font encoding T5 ...
... processing UTF-8 mapping file for font encoding T5

(E:\installationFolder\Latex\tex/latex/vntex\t5enc.dfu
File: t5enc.dfu 2006/08/19 v1.1 UTF8 support for Vietnamese
   defining Unicode char U+00AB (decimal 171)
   defining Unicode char U+00BB (decimal 187)
   defining Unicode char U+00C0 (decimal 192)
   defining Unicode char U+00C1 (decimal 193)
   defining Unicode char U+00C2 (decimal 194)
   defining Unicode char U+00C3 (decimal 195)
   defining Unicode char U+00C8 (decimal 200)
   defining Unicode char U+00C9 (decimal 201)
   defining Unicode char U+00CA (decimal 202)
   defining Unicode char U+00CC (decimal 204)
   defining Unicode char U+00CD (decimal 205)
   defining Unicode char U+00D2 (decimal 210)
   defining Unicode char U+00D3 (decimal 211)
   defining Unicode char U+00D4 (decimal 212)
   defining Unicode char U+00D5 (decimal 213)
   defining Unicode char U+00D9 (decimal 217)
   defining Unicode char U+00DA (decimal 218)
   defining Unicode char U+00DD (decimal 221)
   defining Unicode char U+00E0 (decimal 224)
   defining Unicode char U+00E1 (decimal 225)
   defining Unicode char U+00E2 (decimal 226)
   defining Unicode char U+00E3 (decimal 227)
   defining Unicode char U+00E8 (decimal 232)
   defining Unicode char U+00E9 (decimal 233)
   defining Unicode char U+00EA (decimal 234)
   defining Unicode char U+00EC (decimal 236)
   defining Unicode char U+00ED (decimal 237)
   defining Unicode char U+00F2 (decimal 242)
   defining Unicode char U+00F3 (decimal 243)
   defining Unicode char U+00F4 (decimal 244)
   defining Unicode char U+00F5 (decimal 245)
   defining Unicode char U+00F9 (decimal 249)
   defining Unicode char U+00FA (decimal 250)
   defining Unicode char U+00FD (decimal 253)
   defining Unicode char U+0102 (decimal 258)
   defining Unicode char U+0103 (decimal 259)
   defining Unicode char U+0110 (decimal 272)
   defining Unicode char U+0111 (decimal 273)
   defining Unicode char U+0128 (decimal 296)
   defining Unicode char U+0129 (decimal 297)
   defining Unicode char U+0131 (decimal 305)
   defining Unicode char U+0168 (decimal 360)
   defining Unicode char U+0169 (decimal 361)
   defining Unicode char U+01A0 (decimal 416)
   defining Unicode char U+01A1 (decimal 417)
   defining Unicode char U+01AF (decimal 431)
   defining Unicode char U+01B0 (decimal 432)
   defining Unicode char U+1EA0 (decimal 7840)
   defining Unicode char U+1EA1 (decimal 7841)
   defining Unicode char U+1EA2 (decimal 7842)
   defining Unicode char U+1EA3 (decimal 7843)
   defining Unicode char U+1EA4 (decimal 7844)
   defining Unicode char U+1EA5 (decimal 7845)
   defining Unicode char U+1EA6 (decimal 7846)
   defining Unicode char U+1EA7 (decimal 7847)
   defining Unicode char U+1EA8 (decimal 7848)
   defining Unicode char U+1EA9 (decimal 7849)
   defining Unicode char U+1EAA (decimal 7850)
   defining Unicode char U+1EAB (decimal 7851)
   defining Unicode char U+1EAC (decimal 7852)
   defining Unicode char U+1EAD (decimal 7853)
   defining Unicode char U+1EAE (decimal 7854)
   defining Unicode char U+1EAF (decimal 7855)
   defining Unicode char U+1EB0 (decimal 7856)
   defining Unicode char U+1EB1 (decimal 7857)
   defining Unicode char U+1EB2 (decimal 7858)
   defining Unicode char U+1EB3 (decimal 7859)
   defining Unicode char U+1EB4 (decimal 7860)
   defining Unicode char U+1EB5 (decimal 7861)
   defining Unicode char U+1EB6 (decimal 7862)
   defining Unicode char U+1EB7 (decimal 7863)
   defining Unicode char U+1EB8 (decimal 7864)
   defining Unicode char U+1EB9 (decimal 7865)
   defining Unicode char U+1EBA (decimal 7866)
   defining Unicode char U+1EBB (decimal 7867)
   defining Unicode char U+1EBC (decimal 7868)
   defining Unicode char U+1EBD (decimal 7869)
   defining Unicode char U+1EBE (decimal 7870)
   defining Unicode char U+1EBF (decimal 7871)
   defining Unicode char U+1EC0 (decimal 7872)
   defining Unicode char U+1EC1 (decimal 7873)
   defining Unicode char U+1EC2 (decimal 7874)
   defining Unicode char U+1EC3 (decimal 7875)
   defining Unicode char U+1EC4 (decimal 7876)
   defining Unicode char U+1EC5 (decimal 7877)
   defining Unicode char U+1EC6 (decimal 7878)
   defining Unicode char U+1EC7 (decimal 7879)
   defining Unicode char U+1EC8 (decimal 7880)
   defining Unicode char U+1EC9 (decimal 7881)
   defining Unicode char U+1ECA (decimal 7882)
   defining Unicode char U+1ECB (decimal 7883)
   defining Unicode char U+1ECC (decimal 7884)
   defining Unicode char U+1ECD (decimal 7885)
   defining Unicode char U+1ECE (decimal 7886)
   defining Unicode char U+1ECF (decimal 7887)
   defining Unicode char U+1ED0 (decimal 7888)
   defining Unicode char U+1ED1 (decimal 7889)
   defining Unicode char U+1ED2 (decimal 7890)
   defining Unicode char U+1ED3 (decimal 7891)
   defining Unicode char U+1ED4 (decimal 7892)
   defining Unicode char U+1ED5 (decimal 7893)
   defining Unicode char U+1ED6 (decimal 7894)
   defining Unicode char U+1ED7 (decimal 7895)
   defining Unicode char U+1ED8 (decimal 7896)
   defining Unicode char U+1ED9 (decimal 7897)
   defining Unicode char U+1EDA (decimal 7898)
   defining Unicode char U+1EDB (decimal 7899)
   defining Unicode char U+1EDC (decimal 7900)
   defining Unicode char U+1EDD (decimal 7901)
   defining Unicode char U+1EDE (decimal 7902)
   defining Unicode char U+1EDF (decimal 7903)
   defining Unicode char U+1EE0 (decimal 7904)
   defining Unicode char U+1EE1 (decimal 7905)
   defining Unicode char U+1EE2 (decimal 7906)
   defining Unicode char U+1EE3 (decimal 7907)
   defining Unicode char U+1EE4 (decimal 7908)
   defining Unicode char U+1EE5 (decimal 7909)
   defining Unicode char U+1EE6 (decimal 7910)
   defining Unicode char U+1EE7 (decimal 7911)
   defining Unicode char U+1EE8 (decimal 7912)
   defining Unicode char U+1EE9 (decimal 7913)
   defining Unicode char U+1EEA (decimal 7914)
   defining Unicode char U+1EEB (decimal 7915)
   defining Unicode char U+1EEC (decimal 7916)
   defining Unicode char U+1EED (decimal 7917)
   defining Unicode char U+1EEE (decimal 7918)
   defining Unicode char U+1EEF (decimal 7919)
   defining Unicode char U+1EF0 (decimal 7920)
   defining Unicode char U+1EF1 (decimal 7921)
   defining Unicode char U+1EF2 (decimal 7922)
   defining Unicode char U+1EF3 (decimal 7923)
   defining Unicode char U+1EF4 (decimal 7924)
   defining Unicode char U+1EF5 (decimal 7925)
   defining Unicode char U+1EF6 (decimal 7926)
   defining Unicode char U+1EF7 (decimal 7927)
   defining Unicode char U+1EF8 (decimal 7928)
   defining Unicode char U+1EF9 (decimal 7929)
   defining Unicode char U+200C (decimal 8204)
   defining Unicode char U+2013 (decimal 8211)
   defining Unicode char U+2014 (decimal 8212)
   defining Unicode char U+2018 (decimal 8216)
   defining Unicode char U+2019 (decimal 8217)
   defining Unicode char U+201A (decimal 8218)
   defining Unicode char U+201C (decimal 8220)
   defining Unicode char U+201D (decimal 8221)
   defining Unicode char U+201E (decimal 8222)
   defining Unicode char U+2030 (decimal 8240)
   defining Unicode char U+2031 (decimal 8241)
   defining Unicode char U+2039 (decimal 8249)
   defining Unicode char U+203A (decimal 8250)
   defining Unicode char U+2423 (decimal 9251)
))
LaTeX Font Info:    Trying to load font information for T5+cmr on input line 11
2.

(E:\installationFolder\Latex\tex/latex/vntex\t5cmr.fd
File: t5cmr.fd 1999/05/25 v2.5h Standard LaTeX font definitions
))
(E:\installationFolder\Latex\tex/latex/base\inputenc.sty
Package: inputenc 2021/02/14 v1.3d Input encoding file
\inpenc@prehook=\toks17
\inpenc@posthook=\toks18
)
(E:\installationFolder\Latex\tex/latex/vntex\vncaps.tex
File: vncaps.tex 2006/06/07 v1.1 Captions in Vietnamese
))
(E:\installationFolder\Latex\tex/latex/amsfonts\amsfonts.sty
Package: amsfonts 2013/01/14 v3.01 Basic AMSFonts support
\@emptytoks=\toks19
\symAMSa=\mathgroup4
\symAMSb=\mathgroup5
LaTeX Font Info:    Redeclaring math symbol \hbar on input line 98.
LaTeX Font Info:    Overwriting math alphabet `\mathfrak' in version `bold'
(Font)                  U/euf/m/n --> U/euf/b/n on input line 106.
)
(E:\installationFolder\Latex\tex/latex/amsmath\amsmath.sty
Package: amsmath 2023/05/13 v2.17o AMS math features
\@mathmargin=\skip50

For additional information on amsmath, use the `?' option.
(E:\installationFolder\Latex\tex/latex/amsmath\amstext.sty
Package: amstext 2021/08/26 v2.01 AMS text

(E:\installationFolder\Latex\tex/latex/amsmath\amsgen.sty
File: amsgen.sty 1999/11/30 v2.0 generic functions
\@emptytoks=\toks20
\ex@=\dimen141
))
(E:\installationFolder\Latex\tex/latex/amsmath\amsbsy.sty
Package: amsbsy 1999/11/29 v1.2d Bold Symbols
\pmbraise@=\dimen142
)
(E:\installationFolder\Latex\tex/latex/amsmath\amsopn.sty
Package: amsopn 2022/04/08 v2.04 operator names
)
\inf@bad=\count195
LaTeX Info: Redefining \frac on input line 234.
\uproot@=\count196
\leftroot@=\count197
LaTeX Info: Redefining \overline on input line 399.
LaTeX Info: Redefining \colon on input line 410.
\classnum@=\count198
\DOTSCASE@=\count199
LaTeX Info: Redefining \ldots on input line 496.
LaTeX Info: Redefining \dots on input line 499.
LaTeX Info: Redefining \cdots on input line 620.
\Mathstrutbox@=\box51
\strutbox@=\box52
LaTeX Info: Redefining \big on input line 722.
LaTeX Info: Redefining \Big on input line 723.
LaTeX Info: Redefining \bigg on input line 724.
LaTeX Info: Redefining \Bigg on input line 725.
\big@size=\dimen143
LaTeX Font Info:    Redeclaring font encoding OML on input line 743.
LaTeX Font Info:    Redeclaring font encoding OMS on input line 744.
\macc@depth=\count266
LaTeX Info: Redefining \bmod on input line 905.
LaTeX Info: Redefining \pmod on input line 910.
LaTeX Info: Redefining \smash on input line 940.
LaTeX Info: Redefining \relbar on input line 970.
LaTeX Info: Redefining \Relbar on input line 971.
\c@MaxMatrixCols=\count267
\dotsspace@=\muskip16
\c@parentequation=\count268
\dspbrk@lvl=\count269
\tag@help=\toks21
\row@=\count270
\column@=\count271
\maxfields@=\count272
\andhelp@=\toks22
\eqnshift@=\dimen144
\alignsep@=\dimen145
\tagshift@=\dimen146
\tagwidth@=\dimen147
\totwidth@=\dimen148
\lineht@=\dimen149
\@envbody=\toks23
\multlinegap=\skip51
\multlinetaggap=\skip52
\mathdisplay@stack=\toks24
LaTeX Info: Redefining \[ on input line 2953.
LaTeX Info: Redefining \] on input line 2954.
)
(E:\installationFolder\Latex\tex/latex/amsfonts\amssymb.sty
Package: amssymb 2013/01/14 v3.01 AMS font symbols
) (ex_test.sty
Package: ex_test 21/10/2024 for Ex_test version 3.1, Tran Anh Tuan and Duong Ph
uoc Sang

(E:\installationFolder\Latex\tex/latex/ntheorem\ntheorem.sty
Style `ntheorem', Version 1.33 <2011/08/15>
Package: ntheorem 2011/08/15 1.33
\theorem@style=\toks25
\theorem@@style=\toks26
\theorembodyfont=\toks27
\theoremnumbering=\toks28
\theorempreskipamount=\skip53
\theorempostskipamount=\skip54
\theoremframepreskipamount=\skip55
\theoremframepostskipamount=\skip56
\theoreminframepreskipamount=\skip57
\theoreminframepostskipamount=\skip58
\theorem@preskip=\toks29
\theorem@postskip=\toks30
\theorem@framepreskip=\toks31
\theorem@framepostskip=\toks32
\theorem@inframepreskip=\toks33
\theorem@inframepostskip=\toks34
\theoremindent=\dimen150
\theorem@indent=\dimen151
\theoremrightindent=\dimen152
\theorem@rightindent=\dimen153
\theoremheaderfont=\toks35
\theoremseparator=\toks36
\theoremprework=\toks37
\theorempostwork=\toks38
\theoremsymbol=\toks39
\qedsymbol=\toks40
\theoremkeyword=\toks41
\qedsymbol=\toks42
\thm@topsep=\skip59
\thm@topsepadd=\skip60
) (E:\installationFolder\Latex\tex/latex/tools\longtable.sty
Package: longtable 2023-11-01 v4.19 Multi-page Table package (DPC)
\LTleft=\skip61
\LTright=\skip62
\LTpre=\skip63
\LTpost=\skip64
\LTchunksize=\count273
\LTcapwidth=\dimen154
\LT@head=\box53
\LT@firsthead=\box54
\LT@foot=\box55
\LT@lastfoot=\box56
\LT@gbox=\box57
\LT@cols=\count274
\LT@rows=\count275
\c@LT@tables=\count276
\c@LT@chunks=\count277
\LT@p@ftn=\toks43
)
(E:\installationFolder\Latex\tex/latex/xtab\xtab.sty
Package: xtab 2011/07/31 v2.3f Extended supertabular package
\c@tracingst=\count278
\PWSTcapht=\dimen155
\ST@wd=\dimen156
\ST@rightskip=\skip65
\ST@leftskip=\skip66
\ST@parfillskip=\skip67
\c@PWSTtable=\count279
\PWSTlastpage=\count280
\PWSTpenultimate=\count281
\PWSTcurpage=\count282
\PWSTtempc=\count283
\PWSTlines=\count284
\PWST@lastht=\dimen157
\PWST@generalht=\dimen158
\PWST@ht=\dimen159
\ST@pageleft=\dimen160
\ST@headht=\dimen161
\ST@tailht=\dimen162
\ST@pagesofar=\dimen163
\ST@pboxht=\dimen164
\ST@lineht=\dimen165
\ST@stretchht=\dimen166
\ST@prevht=\dimen167
\ST@toadd=\dimen168
\ST@dimen=\dimen169
\ST@pbox=\box58
)
(E:\installationFolder\Latex\tex/latex/tools\array.sty
Package: array 2023/10/16 v2.5g Tabular extension package (FMi)
\col@sep=\dimen170
\ar@mcellbox=\box59
\extrarowheight=\dimen171
\NC@list=\toks44
\extratabsurround=\skip68
\backup@length=\skip69
\ar@cellbox=\box60
)
(E:\installationFolder\Latex\tex/latex/tools\multicol.sty
Package: multicol 2023/03/30 v1.9f multicolumn formatting (FMi)
\c@tracingmulticols=\count285
\mult@box=\box61
\multicol@leftmargin=\dimen172
\c@unbalance=\count286
\c@collectmore=\count287
\doublecol@number=\count288
\multicoltolerance=\count289
\multicolpretolerance=\count290
\full@width=\dimen173
\page@free=\dimen174
\premulticols=\dimen175
\postmulticols=\dimen176
\multicolsep=\skip70
\multicolbaselineskip=\skip71
\partial@page=\box62
\last@line=\box63
\mc@boxedresult=\box64
\maxbalancingoverflow=\dimen177
\mult@rightbox=\box65
\mult@grightbox=\box66
\mult@firstbox=\box67
\mult@gfirstbox=\box68
\@tempa=\box69
\@tempa=\box70
\@tempa=\box71
\@tempa=\box72
\@tempa=\box73
\@tempa=\box74
\@tempa=\box75
\@tempa=\box76
\@tempa=\box77
\@tempa=\box78
\@tempa=\box79
\@tempa=\box80
\@tempa=\box81
\@tempa=\box82
\@tempa=\box83
\@tempa=\box84
\@tempa=\box85
\@tempa=\box86
\@tempa=\box87
\@tempa=\box88
\@tempa=\box89
\@tempa=\box90
\@tempa=\box91
\@tempa=\box92
\@tempa=\box93
\@tempa=\box94
\@tempa=\box95
\@tempa=\box96
\@tempa=\box97
\@tempa=\box98
\@tempa=\box99
\@tempa=\box100
\@tempa=\box101
\@tempa=\box102
\@tempa=\box103
\@tempa=\box104
\c@minrows=\count291
\c@columnbadness=\count292
\c@finalcolumnbadness=\count293
\last@try=\dimen178
\multicolovershoot=\dimen179
\multicolundershoot=\dimen180
\mult@nat@firstbox=\box105
\colbreak@box=\box106
\mc@col@check@num=\count294
)
(E:\installationFolder\Latex\tex/latex/multirow\multirow.sty
Package: multirow 2024/11/12 v2.9 Span multiple rows of a table
\multirow@colwidth=\skip72
\multirow@cntb=\count295
\multirow@dima=\skip73
\bigstrutjot=\dimen181
)
(E:\installationFolder\Latex\tex/latex/fancyhdr\fancyhdr.sty
Package: fancyhdr 2025/02/07 v5.2 Extensive control of page headers and footers

\f@nch@headwidth=\skip74
\f@nch@offset@elh=\skip75
\f@nch@offset@erh=\skip76
\f@nch@offset@olh=\skip77
\f@nch@offset@orh=\skip78
\f@nch@offset@elf=\skip79
\f@nch@offset@erf=\skip80
\f@nch@offset@olf=\skip81
\f@nch@offset@orf=\skip82
\f@nch@height=\skip83
\f@nch@footalignment=\skip84
\f@nch@widthL=\skip85
\f@nch@widthC=\skip86
\f@nch@widthR=\skip87
\@temptokenb=\toks45
)
(E:\installationFolder\Latex\tex/latex/answers\answers.sty
Package: answers 2014/08/24 v2.16 Production of solution sheets in LaTeX2e

(E:\installationFolder\Latex\tex/latex/tools\verbatim.sty
Package: verbatim 2023-11-06 v1.5v LaTeX2e package for verbatim enhancements
\every@verbatim=\toks46
\verbatim@line=\toks47
\verbatim@in@stream=\read2
))
(E:\installationFolder\Latex\tex/latex/pgf/frontendlayer\tikz.sty
(E:\installationFolder\Latex\tex/latex/pgf/basiclayer\pgf.sty
(E:\installationFolder\Latex\tex/latex/pgf/utilities\pgfrcs.sty
(E:\installationFolder\Latex\tex/generic/pgf/utilities\pgfutil-common.tex
\pgfutil@everybye=\toks48
\pgfutil@tempdima=\dimen182
\pgfutil@tempdimb=\dimen183
)
(E:\installationFolder\Latex\tex/generic/pgf/utilities\pgfutil-latex.def
\pgfutil@abb=\box107
)
(E:\installationFolder\Latex\tex/generic/pgf/utilities\pgfrcs.code.tex
(E:\installationFolder\Latex\tex/generic/pgf\pgf.revision.tex)
Package: pgfrcs 2023-01-15 v3.1.10 (3.1.10)
))
Package: pgf 2023-01-15 v3.1.10 (3.1.10)

(E:\installationFolder\Latex\tex/latex/pgf/basiclayer\pgfcore.sty
(E:\installationFolder\Latex\tex/latex/graphics\graphicx.sty
Package: graphicx 2021/09/16 v1.2d Enhanced LaTeX Graphics (DPC,SPQR)

(E:\installationFolder\Latex\tex/latex/graphics\keyval.sty
Package: keyval 2022/05/29 v1.15 key=value parser (DPC)
\KV@toks@=\toks49
)
(E:\installationFolder\Latex\tex/latex/graphics\graphics.sty
Package: graphics 2022/03/10 v1.4e Standard LaTeX Graphics (DPC,SPQR)

(E:\installationFolder\Latex\tex/latex/graphics\trig.sty
Package: trig 2021/08/11 v1.11 sin cos tan (DPC)
)
(E:\installationFolder\Latex\tex/latex/graphics-cfg\graphics.cfg
File: graphics.cfg 2016/06/04 v1.11 sample graphics configuration
)
Package graphics Info: Driver file: pdftex.def on input line 107.

(E:\installationFolder\Latex\tex/latex/graphics-def\pdftex.def
File: pdftex.def 2022/09/22 v1.2b Graphics/color driver for pdftex
))
\Gin@req@height=\dimen184
\Gin@req@width=\dimen185
)
(E:\installationFolder\Latex\tex/latex/pgf/systemlayer\pgfsys.sty
(E:\installationFolder\Latex\tex/generic/pgf/systemlayer\pgfsys.code.tex
Package: pgfsys 2023-01-15 v3.1.10 (3.1.10)

(E:\installationFolder\Latex\tex/generic/pgf/utilities\pgfkeys.code.tex
\pgfkeys@pathtoks=\toks50
\pgfkeys@temptoks=\toks51

(E:\installationFolder\Latex\tex/generic/pgf/utilities\pgfkeyslibraryfiltered.c
ode.tex
\pgfkeys@tmptoks=\toks52
))
\pgf@x=\dimen186
\pgf@y=\dimen187
\pgf@xa=\dimen188
\pgf@ya=\dimen189
\pgf@xb=\dimen190
\pgf@yb=\dimen191
\pgf@xc=\dimen192
\pgf@yc=\dimen193
\pgf@xd=\dimen194
\pgf@yd=\dimen195
\w@pgf@writea=\write3
\r@pgf@reada=\read3
\c@pgf@counta=\count296
\c@pgf@countb=\count297
\c@pgf@countc=\count298
\c@pgf@countd=\count299
\t@pgf@toka=\toks53
\t@pgf@tokb=\toks54
\t@pgf@tokc=\toks55
\pgf@sys@id@count=\count300
 (E:\installationFolder\Latex\tex/generic/pgf/systemlayer\pgf.cfg
File: pgf.cfg 2023-01-15 v3.1.10 (3.1.10)
)
Driver file for pgf: pgfsys-pdftex.def

(E:\installationFolder\Latex\tex/generic/pgf/systemlayer\pgfsys-pdftex.def
File: pgfsys-pdftex.def 2023-01-15 v3.1.10 (3.1.10)

(E:\installationFolder\Latex\tex/generic/pgf/systemlayer\pgfsys-common-pdf.def
File: pgfsys-common-pdf.def 2023-01-15 v3.1.10 (3.1.10)
)))
(E:\installationFolder\Latex\tex/generic/pgf/systemlayer\pgfsyssoftpath.code.te
x
File: pgfsyssoftpath.code.tex 2023-01-15 v3.1.10 (3.1.10)
\pgfsyssoftpath@smallbuffer@items=\count301
\pgfsyssoftpath@bigbuffer@items=\count302
)
(E:\installationFolder\Latex\tex/generic/pgf/systemlayer\pgfsysprotocol.code.te
x
File: pgfsysprotocol.code.tex 2023-01-15 v3.1.10 (3.1.10)
)) (E:\installationFolder\Latex\tex/latex/xcolor\xcolor.sty
Package: xcolor 2023/11/15 v3.01 LaTeX color extensions (UK)

(E:\installationFolder\Latex\tex/latex/graphics-cfg\color.cfg
File: color.cfg 2016/01/02 v1.6 sample color configuration
)
Package xcolor Info: Driver file: pdftex.def on input line 274.

(E:\installationFolder\Latex\tex/latex/graphics\mathcolor.ltx)
Package xcolor Info: Model `cmy' substituted by `cmy0' on input line 1350.
Package xcolor Info: Model `hsb' substituted by `rgb' on input line 1354.
Package xcolor Info: Model `RGB' extended on input line 1366.
Package xcolor Info: Model `HTML' substituted by `rgb' on input line 1368.
Package xcolor Info: Model `Hsb' substituted by `hsb' on input line 1369.
Package xcolor Info: Model `tHsb' substituted by `hsb' on input line 1370.
Package xcolor Info: Model `HSB' substituted by `hsb' on input line 1371.
Package xcolor Info: Model `Gray' substituted by `gray' on input line 1372.
Package xcolor Info: Model `wave' substituted by `hsb' on input line 1373.
)
(E:\installationFolder\Latex\tex/generic/pgf/basiclayer\pgfcore.code.tex
Package: pgfcore 2023-01-15 v3.1.10 (3.1.10)

(E:\installationFolder\Latex\tex/generic/pgf/math\pgfmath.code.tex
(E:\installationFolder\Latex\tex/generic/pgf/math\pgfmathutil.code.tex)
(E:\installationFolder\Latex\tex/generic/pgf/math\pgfmathparser.code.tex
\pgfmath@dimen=\dimen196
\pgfmath@count=\count303
\pgfmath@box=\box108
\pgfmath@toks=\toks56
\pgfmath@stack@operand=\toks57
\pgfmath@stack@operation=\toks58
)
(E:\installationFolder\Latex\tex/generic/pgf/math\pgfmathfunctions.code.tex)
(E:\installationFolder\Latex\tex/generic/pgf/math\pgfmathfunctions.basic.code.t
ex)
(E:\installationFolder\Latex\tex/generic/pgf/math\pgfmathfunctions.trigonometri
c.code.tex)
(E:\installationFolder\Latex\tex/generic/pgf/math\pgfmathfunctions.random.code.
tex)
(E:\installationFolder\Latex\tex/generic/pgf/math\pgfmathfunctions.comparison.c
ode.tex)
(E:\installationFolder\Latex\tex/generic/pgf/math\pgfmathfunctions.base.code.te
x)
(E:\installationFolder\Latex\tex/generic/pgf/math\pgfmathfunctions.round.code.t
ex)
(E:\installationFolder\Latex\tex/generic/pgf/math\pgfmathfunctions.misc.code.te
x)
(E:\installationFolder\Latex\tex/generic/pgf/math\pgfmathfunctions.integerarith
metics.code.tex)
(E:\installationFolder\Latex\tex/generic/pgf/math\pgfmathcalc.code.tex)
(E:\installationFolder\Latex\tex/generic/pgf/math\pgfmathfloat.code.tex
\c@pgfmathroundto@lastzeros=\count304
))
(E:\installationFolder\Latex\tex/generic/pgf/math\pgfint.code.tex)
(E:\installationFolder\Latex\tex/generic/pgf/basiclayer\pgfcorepoints.code.tex
File: pgfcorepoints.code.tex 2023-01-15 v3.1.10 (3.1.10)
\pgf@picminx=\dimen197
\pgf@picmaxx=\dimen198
\pgf@picminy=\dimen199
\pgf@picmaxy=\dimen256
\pgf@pathminx=\dimen257
\pgf@pathmaxx=\dimen258
\pgf@pathminy=\dimen259
\pgf@pathmaxy=\dimen260
\pgf@xx=\dimen261
\pgf@xy=\dimen262
\pgf@yx=\dimen263
\pgf@yy=\dimen264
\pgf@zx=\dimen265
\pgf@zy=\dimen266
)
(E:\installationFolder\Latex\tex/generic/pgf/basiclayer\pgfcorepathconstruct.co
de.tex
File: pgfcorepathconstruct.code.tex 2023-01-15 v3.1.10 (3.1.10)
\pgf@path@lastx=\dimen267
\pgf@path@lasty=\dimen268
)
(E:\installationFolder\Latex\tex/generic/pgf/basiclayer\pgfcorepathusage.code.t
ex
File: pgfcorepathusage.code.tex 2023-01-15 v3.1.10 (3.1.10)
\pgf@shorten@end@additional=\dimen269
\pgf@shorten@start@additional=\dimen270
)
(E:\installationFolder\Latex\tex/generic/pgf/basiclayer\pgfcorescopes.code.tex
File: pgfcorescopes.code.tex 2023-01-15 v3.1.10 (3.1.10)
\pgfpic=\box109
\pgf@hbox=\box110
\pgf@layerbox@main=\box111
\pgf@picture@serial@count=\count305
)
(E:\installationFolder\Latex\tex/generic/pgf/basiclayer\pgfcoregraphicstate.cod
e.tex
File: pgfcoregraphicstate.code.tex 2023-01-15 v3.1.10 (3.1.10)
\pgflinewidth=\dimen271
)
(E:\installationFolder\Latex\tex/generic/pgf/basiclayer\pgfcoretransformations.
code.tex
File: pgfcoretransformations.code.tex 2023-01-15 v3.1.10 (3.1.10)
\pgf@pt@x=\dimen272
\pgf@pt@y=\dimen273
\pgf@pt@temp=\dimen274
)
(E:\installationFolder\Latex\tex/generic/pgf/basiclayer\pgfcorequick.code.tex
File: pgfcorequick.code.tex 2023-01-15 v3.1.10 (3.1.10)
)
(E:\installationFolder\Latex\tex/generic/pgf/basiclayer\pgfcoreobjects.code.tex
File: pgfcoreobjects.code.tex 2023-01-15 v3.1.10 (3.1.10)
)
(E:\installationFolder\Latex\tex/generic/pgf/basiclayer\pgfcorepathprocessing.c
ode.tex
File: pgfcorepathprocessing.code.tex 2023-01-15 v3.1.10 (3.1.10)
)
(E:\installationFolder\Latex\tex/generic/pgf/basiclayer\pgfcorearrows.code.tex
File: pgfcorearrows.code.tex 2023-01-15 v3.1.10 (3.1.10)
\pgfarrowsep=\dimen275
) (E:\installationFolder\Latex\tex/generic/pgf/basiclayer\pgfcoreshade.code.tex
File: pgfcoreshade.code.tex 2023-01-15 v3.1.10 (3.1.10)
\pgf@max=\dimen276
\pgf@sys@shading@range@num=\count306
\pgf@shadingcount=\count307
) (E:\installationFolder\Latex\tex/generic/pgf/basiclayer\pgfcoreimage.code.tex
File: pgfcoreimage.code.tex 2023-01-15 v3.1.10 (3.1.10)
)
(E:\installationFolder\Latex\tex/generic/pgf/basiclayer\pgfcoreexternal.code.te
x
File: pgfcoreexternal.code.tex 2023-01-15 v3.1.10 (3.1.10)
\pgfexternal@startupbox=\box112
)
(E:\installationFolder\Latex\tex/generic/pgf/basiclayer\pgfcorelayers.code.tex
File: pgfcorelayers.code.tex 2023-01-15 v3.1.10 (3.1.10)
)
(E:\installationFolder\Latex\tex/generic/pgf/basiclayer\pgfcoretransparency.cod
e.tex
File: pgfcoretransparency.code.tex 2023-01-15 v3.1.10 (3.1.10)
)
(E:\installationFolder\Latex\tex/generic/pgf/basiclayer\pgfcorepatterns.code.te
x
File: pgfcorepatterns.code.tex 2023-01-15 v3.1.10 (3.1.10)
) (E:\installationFolder\Latex\tex/generic/pgf/basiclayer\pgfcorerdf.code.tex
File: pgfcorerdf.code.tex 2023-01-15 v3.1.10 (3.1.10)
)))
(E:\installationFolder\Latex\tex/generic/pgf/modules\pgfmoduleshapes.code.tex
File: pgfmoduleshapes.code.tex 2023-01-15 v3.1.10 (3.1.10)
\pgfnodeparttextbox=\box113
)
(E:\installationFolder\Latex\tex/generic/pgf/modules\pgfmoduleplot.code.tex
File: pgfmoduleplot.code.tex 2023-01-15 v3.1.10 (3.1.10)
)
(E:\installationFolder\Latex\tex/latex/pgf/compatibility\pgfcomp-version-0-65.s
ty
Package: pgfcomp-version-0-65 2023-01-15 v3.1.10 (3.1.10)
\pgf@nodesepstart=\dimen277
\pgf@nodesepend=\dimen278
)
(E:\installationFolder\Latex\tex/latex/pgf/compatibility\pgfcomp-version-1-18.s
ty
Package: pgfcomp-version-1-18 2023-01-15 v3.1.10 (3.1.10)
)) (E:\installationFolder\Latex\tex/latex/pgf/utilities\pgffor.sty
(E:\installationFolder\Latex\tex/latex/pgf/utilities\pgfkeys.sty
(E:\installationFolder\Latex\tex/generic/pgf/utilities\pgfkeys.code.tex))
(E:\installationFolder\Latex\tex/latex/pgf/math\pgfmath.sty
(E:\installationFolder\Latex\tex/generic/pgf/math\pgfmath.code.tex))
(E:\installationFolder\Latex\tex/generic/pgf/utilities\pgffor.code.tex
Package: pgffor 2023-01-15 v3.1.10 (3.1.10)
\pgffor@iter=\dimen279
\pgffor@skip=\dimen280
\pgffor@stack=\toks59
\pgffor@toks=\toks60
))
(E:\installationFolder\Latex\tex/generic/pgf/frontendlayer/tikz\tikz.code.tex
Package: tikz 2023-01-15 v3.1.10 (3.1.10)

(E:\installationFolder\Latex\tex/generic/pgf/libraries\pgflibraryplothandlers.c
ode.tex
File: pgflibraryplothandlers.code.tex 2023-01-15 v3.1.10 (3.1.10)
\pgf@plot@mark@count=\count308
\pgfplotmarksize=\dimen281
)
\tikz@lastx=\dimen282
\tikz@lasty=\dimen283
\tikz@lastxsaved=\dimen284
\tikz@lastysaved=\dimen285
\tikz@lastmovetox=\dimen286
\tikz@lastmovetoy=\dimen287
\tikzleveldistance=\dimen288
\tikzsiblingdistance=\dimen289
\tikz@figbox=\box114
\tikz@figbox@bg=\box115
\tikz@tempbox=\box116
\tikz@tempbox@bg=\box117
\tikztreelevel=\count309
\tikznumberofchildren=\count310
\tikznumberofcurrentchild=\count311
\tikz@fig@count=\count312

(E:\installationFolder\Latex\tex/generic/pgf/modules\pgfmodulematrix.code.tex
File: pgfmodulematrix.code.tex 2023-01-15 v3.1.10 (3.1.10)
\pgfmatrixcurrentrow=\count313
\pgfmatrixcurrentcolumn=\count314
\pgf@matrix@numberofcolumns=\count315
)
\tikz@expandcount=\count316

(E:\installationFolder\Latex\tex/generic/pgf/frontendlayer/tikz/libraries\tikzl
ibrarytopaths.code.tex
File: tikzlibrarytopaths.code.tex 2023-01-15 v3.1.10 (3.1.10)
))) (E:\installationFolder\Latex\tex/latex/tools\calc.sty
Package: calc 2023/07/08 v4.3 Infix arithmetic (KKT,FJ)
\calc@Acount=\count317
\calc@Bcount=\count318
\calc@Adimen=\dimen290
\calc@Bdimen=\dimen291
\calc@Askip=\skip88
\calc@Bskip=\skip89
LaTeX Info: Redefining \setlength on input line 80.
LaTeX Info: Redefining \addtolength on input line 81.
\calc@Ccount=\count319
\calc@Cskip=\skip90
) (E:\installationFolder\Latex\tex/latex/etoolbox\etoolbox.sty
Package: etoolbox 2020/10/05 v2.5k e-TeX tools for LaTeX (JAW)
\etb@tempcnta=\count320
)
(E:\installationFolder\Latex\tex/latex/probsoln\probsoln.sty
Package: probsoln 2017/07/10 v3.05 (NLCT)

(E:\installationFolder\Latex\tex/latex/xkeyval\xkeyval.sty
Package: xkeyval 2022/06/16 v2.9 package option processing (HA)

(E:\installationFolder\Latex\tex/generic/xkeyval\xkeyval.tex
(E:\installationFolder\Latex\tex/generic/xkeyval\xkvutils.tex
\XKV@toks=\toks61
\XKV@tempa@toks=\toks62
)
\XKV@depth=\count321
File: xkeyval.tex 2014/12/03 v2.7a key=value parser (HA)
))
\probsoln@write=\write4
\probsoln@startyear=\count322
\probsoln@startmonth=\count323
\probsoln@prev=\write5
\probsoln@used=\write6
\probsoln@prev@cutoff=\count324
\@probN=\count325
\@probselN=\count326
\@rndselctr=\count327
\r@ndcur=\count328
\@ps@randtmp=\count329
\@shfctr=\count330
\@shfA=\count331
\@shfB=\count332
\@ps@forrand=\count333
\@ps@forrand@level=\count334
)
(E:\installationFolder\Latex\tex/latex/picinpar\picinpar.sty
Pictures in Paragraphs. Version 1.2a, July 13, 1993
\br=\count335
\bl=\count336
\na=\count337
\nb=\count338
\tcdsav=\count339
\tcl=\count340
\tcd=\count341
\tcn=\count342
\cumtcl=\count343
\cumpartcl=\count344
\lftside=\dimen292
\rtside=\dimen293
\hpic=\dimen294
\vpic=\dimen295
\strutilg=\dimen296
\picwd=\dimen297
\topheight=\dimen298
\ilg=\dimen299
\lpic=\dimen300
\lwindowsep=\dimen301
\rwindowsep=\dimen302
\cumpar=\dimen303
\twa=\toks63
\la=\toks64
\ra=\toks65
\ha=\toks66
\pictoc=\toks67
\rawtext=\box118
\holder=\box119
\windowbox=\box120
\wartext=\box121
\finaltext=\box122
\aslice=\box123
\bslice=\box124
\wbox=\box125
\wstrutbox=\box126
\picbox=\box127
\waslice=\box128
\wbslice=\box129
\fslice=\box130
) (E:\installationFolder\Latex\tex/latex/varwidth\varwidth.sty
Package: varwidth 2009/03/30 ver 0.92;  Variable-width minipages
\@vwid@box=\box131
\sift@deathcycles=\count345
\@vwid@loff=\dimen304
\@vwid@roff=\dimen305
)
(E:\installationFolder\Latex\tex/latex/jknappen\mathrsfs.sty
Package: mathrsfs 1996/01/01 Math RSFS package v1.0 (jk)
\symrsfs=\mathgroup6
)
(E:\installationFolder\Latex\tex/latex/xstring\xstring.sty
(E:\installationFolder\Latex\tex/generic/xstring\xstring.tex
\xs_counta=\count346
\xs_countb=\count347
)
Package: xstring 2023/08/22 v1.86 String manipulations (CT)
)
(E:\installationFolder\Latex\tex/latex/l3kernel\expl3.sty
Package: expl3 2024-01-04 L3 programming layer (loader) 

(E:\installationFolder\Latex\tex/latex/l3backend\l3backend-pdftex.def
File: l3backend-pdftex.def 2024-01-04 L3 backend support: PDF output (pdfTeX)
\l__color_backend_stack_int=\count348
\l__pdf_internal_box=\box132
))
(E:\installationFolder\Latex\tex/latex/l3packages/xparse\xparse.sty
Package: xparse 2023-10-10 L3 Experimental document command parser
)
(E:\installationFolder\Latex\tex/latex/eepic\epic.sty
Enhancements to Picture Environment. Version 1.2 - Released June 1, 1986
\@@multicnt=\count349
\d@lta=\count350
\@delta=\dimen306
\@@delta=\dimen307
\@gridcnt=\count351
\@joinkind=\count352
\@dotgap=\dimen308
\@ddotgap=\dimen309
\@x@diff=\count353
\@y@diff=\count354
\x@diff=\dimen310
\y@diff=\dimen311
\@dotbox=\box133
\num@segments=\count355
\num@segmentsi=\count356
\@datafile=\read4
) (E:\installationFolder\Latex\tex/latex/cntformats\cntformats.sty
Package: cntformats 2014/07/20 v0.7 A different way to read counters. (CN)

(E:\installationFolder\Latex\tex/latex/cnltx\cnltx-base.sty
Package: cnltx-base 2019/11/01 v0.15 LaTeX tools and documenting facilities (CN
)

(E:\installationFolder\Latex\tex/latex/pgfopts\pgfopts.sty
Package: pgfopts 2014/07/10 v2.1a LaTeX package options with pgfkeys
\pgfopts@list@add@a@toks=\toks68
\pgfopts@list@add@b@toks=\toks69
)
(E:\installationFolder\Latex\tex/generic/ltxcmds\ltxcmds.sty
Package: ltxcmds 2023-12-04 v1.26 LaTeX kernel commands for general use (HO)
)
(E:\installationFolder\Latex\tex/generic/pdftexcmds\pdftexcmds.sty
Package: pdftexcmds 2020-06-27 v0.33 Utility functions of pdfTeX for LuaTeX (HO
)

(E:\installationFolder\Latex\tex/generic/infwarerr\infwarerr.sty
Package: infwarerr 2019/12/03 v1.5 Providing info/warning/error messages (HO)
)
(E:\installationFolder\Latex\tex/generic/iftex\iftex.sty
Package: iftex 2022/02/03 v1.0f TeX engine tests
)
Package pdftexcmds Info: \pdf@primitive is available.
Package pdftexcmds Info: \pdf@ifprimitive is available.
Package pdftexcmds Info: \pdfdraftmode found.
)
\c@cnltx@tmpa=\count357
\c@cnltx@tmpb=\count358
\c@cnltx@tmpc=\count359
\cnltx@tmpa@length=\skip91
\cnltx@tmpb@length=\skip92
\cnltx@tmpc@length=\skip93

(E:\installationFolder\Latex\tex/latex/trimspaces\trimspaces.sty
Package: trimspaces 2009/09/17 v1.1 Trim spaces around a token list
)))
(E:\installationFolder\Latex\tex/latex/l3packages/xtemplate\xtemplate.sty
Package: xtemplate 2023-10-10 L3 Experimental prototype document functions
\l__xtemplate_tmp_dim=\dimen312
\l__xtemplate_tmp_int=\count360
\l__xtemplate_tmp_muskip=\muskip17
\l__xtemplate_tmp_skip=\skip94
)
(E:\installationFolder\Latex\tex/latex/environ\environ.sty
Package: environ 2014/05/04 v0.3 A new way to define environments
)
(E:\installationFolder\Latex\tex/latex/tcolorbox\tcolorbox.sty
Package: tcolorbox 2024/01/10 version 6.2.0 text color boxes
\tcb@titlebox=\box134
\tcb@upperbox=\box135
\tcb@lowerbox=\box136
\tcb@phantombox=\box137
\c@tcbbreakpart=\count361
\c@tcblayer=\count362
\c@tcolorbox@number=\count363
\l__tcobox_tmpa_box=\box138
\l__tcobox_tmpa_dim=\dimen313
\tcb@temp=\box139
\tcb@temp=\box140
\tcb@temp=\box141
\tcb@temp=\box142

(E:\installationFolder\Latex\tex/latex/tcolorbox\tcbraster.code.tex
Library (tcolorbox): 'tcbraster.code.tex' version '6.2.0'
\c@tcbrastercolumn=\count364
\c@tcbrasterrow=\count365
\c@tcbrasternum=\count366
\c@tcbraster=\count367
) (E:\installationFolder\Latex\tex/latex/tcolorbox\tcbskins.code.tex
Library (tcolorbox): 'tcbskins.code.tex' version '6.2.0'
(E:\installationFolder\Latex\tex/latex/tikzfill\tikzfill.image.sty
Package: tikzfill.image 2023/08/08 v1.0.1 Image filling library for TikZ

(E:\installationFolder\Latex\tex/latex/tikzfill\tikzfill-common.sty
Package: tikzfill-common 2023/08/08 v1.0.1 Auxiliary code for tikzfill
)
(E:\installationFolder\Latex\tex/latex/tikzfill\tikzlibraryfill.image.code.tex
File: tikzlibraryfill.image.code.tex 2023/08/08 v1.0.1 Image filling library
\l__tikzfill_img_box=\box143
)) (E:\installationFolder\Latex\tex/latex/tcolorbox\tcbskinsjigsaw.code.tex
Library (tcolorbox): 'tcbskinsjigsaw.code.tex' version '6.2.0'
)) (E:\installationFolder\Latex\tex/latex/tcolorbox\tcbbreakable.code.tex
Library (tcolorbox): 'tcbbreakable.code.tex' version '6.2.0'
(E:\installationFolder\Latex\tex/latex/pdfcol\pdfcol.sty
Package: pdfcol 2022-09-21 v1.7 Handle new color stacks for pdfTeX (HO)
)
Package pdfcol Info: New color stack `tcb@breakable' = 1 on input line 23.
\tcb@testbox=\box144
\tcb@totalupperbox=\box145
\tcb@totallowerbox=\box146
)
(E:\installationFolder\Latex\tex/latex/tcolorbox\tcbhooks.code.tex
Library (tcolorbox): 'tcbhooks.code.tex' version '6.2.0'
) (E:\installationFolder\Latex\tex/latex/tcolorbox\tcbtheorems.code.tex
Library (tcolorbox): 'tcbtheorems.code.tex' version '6.2.0'
) (E:\installationFolder\Latex\tex/latex/tcolorbox\tcbfitting.code.tex
Library (tcolorbox): 'tcbfitting.code.tex' version '6.2.0'
\tcbfitdim=\dimen314
\tcb@lowerfitdim=\dimen315
\tcb@upperfitdim=\dimen316
\tcb@cur@hbadness=\count368
) (E:\installationFolder\Latex\tex/latex/tcolorbox\tcblistingsutf8.code.tex
Library (tcolorbox): 'tcblistingsutf8.code.tex' version '6.2.0'
(E:\installationFolder\Latex\tex/latex/tcolorbox\tcblistings.code.tex
Library (tcolorbox): 'tcblistings.code.tex' version '6.2.0'
(E:\installationFolder\Latex\tex/latex/listings\listings.sty
\lst@mode=\count369
\lst@gtempboxa=\box147
\lst@token=\toks70
\lst@length=\count370
\lst@currlwidth=\dimen317
\lst@column=\count371
\lst@pos=\count372
\lst@lostspace=\dimen318
\lst@width=\dimen319
\lst@newlines=\count373
\lst@lineno=\count374
\lst@maxwidth=\dimen320

(E:\installationFolder\Latex\tex/latex/listings\lstmisc.sty
File: lstmisc.sty 2023/02/27 1.9 (Carsten Heinz)
\c@lstnumber=\count375
\lst@skipnumbers=\count376
\lst@framebox=\box148
)
(E:\installationFolder\Latex\tex/latex/listings\listings.cfg
File: listings.cfg 2023/02/27 1.9 listings configuration
))
Package: listings 2023/02/27 1.9 (Carsten Heinz)

(E:\installationFolder\Latex\tex/latex/tcolorbox\tcblistingscore.code.tex
Library (tcolorbox): 'tcblistingscore.code.tex' version '6.2.0'
(E:\installationFolder\Latex\tex/latex/tcolorbox\tcbprocessing.code.tex
Library (tcolorbox): 'tcbprocessing.code.tex' version '6.2.0'
)
\c@tcblisting=\count377
)) (E:\installationFolder\Latex\tex/latex/listingsutf8\listingsutf8.sty
Package: listingsutf8 2019-12-10 v1.5 Allow UTF-8 in listings input (HO)

(E:\installationFolder\Latex\tex/generic/stringenc\stringenc.sty
Package: stringenc 2019/11/29 v1.12 Convert strings between diff. encodings (HO
)

(E:\installationFolder\Latex\tex/generic/pdfescape\pdfescape.sty
Package: pdfescape 2019/12/09 v1.15 Implements pdfTeX's escape features (HO)
))))
(E:\installationFolder\Latex\tex/latex/tcolorbox\tcbexternal.code.tex
Library (tcolorbox): 'tcbexternal.code.tex' version '6.2.0'
) (E:\installationFolder\Latex\tex/latex/tcolorbox\tcbmagazine.code.tex
Library (tcolorbox): 'tcbmagazine.code.tex' version '6.2.0'
) (E:\installationFolder\Latex\tex/latex/tcolorbox\tcbvignette.code.tex
Library (tcolorbox): 'tcbvignette.code.tex' version '6.2.0'

(E:\installationFolder\Latex\tex/generic/pgf/frontendlayer/tikz/libraries\tikzl
ibraryfadings.code.tex
File: tikzlibraryfadings.code.tex 2023-01-15 v3.1.10 (3.1.10)

(E:\installationFolder\Latex\tex/generic/pgf/libraries\pgflibraryfadings.code.t
ex
File: pgflibraryfadings.code.tex 2023-01-15 v3.1.10 (3.1.10)
))) (E:\installationFolder\Latex\tex/latex/tcolorbox\tcbposter.code.tex
Library (tcolorbox): 'tcbposter.code.tex' version '6.2.0'
))
\linepar=\dimen321
\paroutindent=\skip95
\lineheight=\skip96
\c@iftcbcounter=\count378
\c@ifex=\count379
\wsh=\skip97
\hsh=\skip98
\dsh=\skip99
\c@Solshort=\count380
\c@dapan=\count381
\c@numTrue=\count382
\c@numTrueSol=\count383
\widthalpha=\skip100
\widthalphaT=\skip101
\widthalphaF=\skip102
\widthcha=\skip103
\widthchb=\skip104
\widthchc=\skip105
\widthchd=\skip106
\widthche=\skip107
\widthchf=\skip108
\widthch=\skip109
\BO=\skip110
\MO=\skip111
\HA=\skip112
\NA=\skip113
\BA=\skip114
\RU=\skip115
\c@numChoice=\count384
\TabCS=\skip116
\lengthDS=\skip117
\c@debai=\count385
\dorongfix=\skip118
\dorong=\skip119
\c@ex=\count386
\c@chc=\count387
\c@printex=\count388
\c@Solution=\count389

WARNING: environment Solution already in use
\c@Solbook=\count390
\c@vdex=\count391
\heightline=\dimen322
\widthimmini=\dimen323
\heightimmini=\dimen324
\heighttextimmini=\dimen325
\himmini=\dimen326
\spaceleft=\dimen327
\imbox=\box149
\imboxtext=\box150

(E:\installationFolder\Latex\tex/generic/pgf/frontendlayer/tikz/libraries\tikzl
ibrarydecorations.pathreplacing.code.tex
(E:\installationFolder\Latex\tex/generic/pgf/frontendlayer/tikz/libraries\tikzl
ibrarydecorations.code.tex
(E:\installationFolder\Latex\tex/generic/pgf/modules\pgfmoduledecorations.code.
tex
\pgfdecoratedcompleteddistance=\dimen328
\pgfdecoratedremainingdistance=\dimen329
\pgfdecoratedinputsegmentcompleteddistance=\dimen330
\pgfdecoratedinputsegmentremainingdistance=\dimen331
\pgf@decorate@distancetomove=\dimen332
\pgf@decorate@repeatstate=\count392
\pgfdecorationsegmentamplitude=\dimen333
\pgfdecorationsegmentlength=\dimen334
)
\tikz@lib@dec@box=\box151
)
(E:\installationFolder\Latex\tex/generic/pgf/libraries/decorations\pgflibraryde
corations.pathreplacing.code.tex))
(E:\installationFolder\Latex\tex/generic/pgf/frontendlayer/tikz/libraries\tikzl
ibrarydecorations.markings.code.tex
(E:\installationFolder\Latex\tex/generic/pgf/libraries/decorations\pgflibraryde
corations.markings.code.tex))
(E:\installationFolder\Latex\tex/generic/pgf/frontendlayer/tikz/libraries\tikzl
ibrarypatterns.code.tex
File: tikzlibrarypatterns.code.tex 2023-01-15 v3.1.10 (3.1.10)

(E:\installationFolder\Latex\tex/generic/pgf/libraries\pgflibrarypatterns.code.
tex
File: pgflibrarypatterns.code.tex 2023-01-15 v3.1.10 (3.1.10)
))
\myboxans=\box152
\dorongANS=\skip120
\c@exrd=\count393

(E:\installationFolder\Latex\tex/generic/pgf/frontendlayer/tikz/libraries\tikzl
ibraryplotmarks.code.tex
File: tikzlibraryplotmarks.code.tex 2023-01-15 v3.1.10 (3.1.10)

(E:\installationFolder\Latex\tex/generic/pgf/libraries\pgflibraryplotmarks.code
.tex
File: pgflibraryplotmarks.code.tex 2023-01-15 v3.1.10 (3.1.10)
))
\l__listsEX_depth_int=\count394
\g__listsEX_int=\count395
\g__listsEX_total_items_int=\count396
\l__listsEX_columns_int=\count397
\l__listsEX_rows_int=\count398
\g__listsEX_current_col_num_int=\count399
\g__listsEX_current_row_num_int=\count400
\l__listsEX_item_columns_int=\count401
\l__listsEX_item_indent_dim=\dimen335
\l__listsEX_item_default_indent_dim=\dimen336
\l__listsEX_item_width_dim=\dimen337
\l__listsEX_label_width_dim=\dimen338
\l__listsEX_label_default_width_dim=\dimen339
\l__listsEX_label_offset_dim=\dimen340
\l__listsEX_label_default_offset_dim=\dimen341
\l__listsEX_column_sep_dim=\dimen342
\l__listsEX_after_item_skip=\skip121
\l__listsEX_custom_after_item_skip=\skip122
\l__listsEX_before_list_skip=\skip123
\l__listsEX_after_list_skip=\skip124
\l__listsEX_item_coffin=\box153
\l__listsEX_label_coffin=\box154
\c@listEX=\count402
\l__listsEX_tmpa_int=\count403
\l__listsEX_tmpb_int=\count404
\l__listsEX_tmpa_coffin=\box155

Package xtemplate Info: Declaring object type 'listsEX' taking 3 argument(s)
(xtemplate)             on line 3089.

\l__listsEX_choice_width_dim=\dimen343
\l__listsEX_choice_linewidth_dim=\dimen344
\l__listsEX_choice_checkwidth_dim=\dimen345
\l__listsEX_choice_raise_dim=\dimen346
) (de.aux)
\openout1 = `de.aux'.

LaTeX Font Info:    Checking defaults for OML/cmm/m/it on input line 6.
LaTeX Font Info:    ... okay on input line 6.
LaTeX Font Info:    Checking defaults for OMS/cmsy/m/n on input line 6.
LaTeX Font Info:    ... okay on input line 6.
LaTeX Font Info:    Checking defaults for OT1/cmr/m/n on input line 6.
LaTeX Font Info:    ... okay on input line 6.
LaTeX Font Info:    Checking defaults for T1/cmr/m/n on input line 6.
LaTeX Font Info:    ... okay on input line 6.
LaTeX Font Info:    Checking defaults for TS1/cmr/m/n on input line 6.
LaTeX Font Info:    ... okay on input line 6.
LaTeX Font Info:    Checking defaults for OMX/cmex/m/n on input line 6.
LaTeX Font Info:    ... okay on input line 6.
LaTeX Font Info:    Checking defaults for U/cmr/m/n on input line 6.
LaTeX Font Info:    ... okay on input line 6.
LaTeX Font Info:    Checking defaults for T5/cmr/m/n on input line 6.
LaTeX Font Info:    ... okay on input line 6.

(E:\installationFolder\Latex\tex/context/base/mkii\supp-pdf.mkii
[Loading MPS to PDF converter (version 2006.09.02).]
\scratchcounter=\count405
\scratchdimen=\dimen347
\scratchbox=\box156
\nofMPsegments=\count406
\nofMParguments=\count407
\everyMPshowfont=\toks71
\MPscratchCnt=\count408
\MPscratchDim=\dimen348
\MPnumerator=\count409
\makeMPintoPDFobject=\count410
\everyMPtoPDFconversion=\toks72
) (E:\installationFolder\Latex\tex/latex/epstopdf-pkg\epstopdf-base.sty
Package: epstopdf-base 2020-01-24 v2.11 Base part for package epstopdf

(E:\installationFolder\Latex\tex/latex/grfext\grfext.sty
Package: grfext 2019/12/03 v1.3 Manage graphics extensions (HO)

(E:\installationFolder\Latex\tex/generic/kvdefinekeys\kvdefinekeys.sty
Package: kvdefinekeys 2019-12-19 v1.6 Define keys (HO)
))
(E:\installationFolder\Latex\tex/latex/kvoptions\kvoptions.sty
Package: kvoptions 2022-06-15 v3.15 Key value format for package options (HO)

(E:\installationFolder\Latex\tex/latex/kvsetkeys\kvsetkeys.sty
Package: kvsetkeys 2022-10-05 v1.19 Key value parser (HO)
))
Package epstopdf-base Info: Redefining graphics rule for `.eps' on input line 4
85.
Package grfext Info: Graphics extension search list:
(grfext)             [.pdf,.png,.jpg,.mps,.jpeg,.jbig2,.jb2,.PDF,.PNG,.JPG,.JPE
G,.JBIG2,.JB2,.eps]
(grfext)             \AppendGraphicsExtensions on input line 504.

(E:\installationFolder\Latex\tex/latex/00miktex\epstopdf-sys.cfg
File: epstopdf-sys.cfg 2021/03/18 v2.0 Configuration of epstopdf for MiKTeX
))
\c@lstlisting=\count411

(E:\installationFolder\Latex\tex/latex/enumitem\enumitem.sty
Package: enumitem 2025/02/06 v3.11 Customized lists
\labelindent=\skip125
\enit@outerparindent=\dimen349
\enit@toks=\toks73
\enit@inbox=\box157
\enit@count@id=\count412
\enitdp@description=\count413
)
(E:\installationFolder\Latex\tex/latex/fontawesome\fontawesome.sty
Package: fontawesome 2016/05/15 v4.6.3.1 font awesome icons

(E:\installationFolder\Latex\tex/generic/iftex\ifxetex.sty
Package: ifxetex 2019/10/25 v0.7 ifxetex legacy package. Use iftex instead.
)
(E:\installationFolder\Latex\tex/generic/iftex\ifluatex.sty
Package: ifluatex 2019/10/25 v1.5 ifluatex legacy package. Use iftex instead.
)
(E:\installationFolder\Latex\tex/latex/fontawesome\fontawesomesymbols-generic.t
ex)
(E:\installationFolder\Latex\tex/latex/fontawesome\fontawesomesymbols-pdftex.te
x))
Output from handle ans going to ans/ansTracNghiem.tex
\ans@file=\write7
\openout7 = `ans/ansTracNghiem.tex'.

(2101.tex
LaTeX Font Info:    Trying to load font information for U+msa on input line 2.
 (E:\installationFolder\Latex\tex/latex/amsfonts\umsa.fd
File: umsa.fd 2013/01/14 v3.01 AMS symbols A
)
LaTeX Font Info:    Trying to load font information for U+msb on input line 2.

(E:\installationFolder\Latex\tex/latex/amsfonts\umsb.fd
File: umsb.fd 2013/01/14 v3.01 AMS symbols B
)
LaTeX Font Info:    Trying to load font information for U+rsfs on input line 2.


(E:\installationFolder\Latex\tex/latex/jknappen\ursfs.fd
File: ursfs.fd 1998/03/24 rsfs font definition file (jk)
)
Overfull \hbox (2.69379pt too wide) in paragraph at lines 8--8
[]\T5/cmr/bx/n/12 A. 
 []


Overfull \hbox (2.0967pt too wide) in paragraph at lines 8--8
[]\T5/cmr/bx/n/12 B. 
 []


Overfull \hbox (2.24945pt too wide) in paragraph at lines 8--8
[]\T5/cmr/bx/n/12 C. 
 []


Overfull \hbox (2.84651pt too wide) in paragraph at lines 8--8
[]\T5/cmr/bx/n/12 D. 
 []


Overfull \hbox (2.69379pt too wide) in paragraph at lines 18--18
[]\T5/cmr/bx/n/12 A. 
 []


Overfull \hbox (2.0967pt too wide) in paragraph at lines 18--18
[]\T5/cmr/bx/n/12 B. 
 []


Overfull \hbox (2.24945pt too wide) in paragraph at lines 18--18
[]\T5/cmr/bx/n/12 C. 
 []


Overfull \hbox (2.84651pt too wide) in paragraph at lines 18--18
[]\T5/cmr/bx/n/12 D. 
 []


Overfull \hbox (2.69379pt too wide) in paragraph at lines 28--28
[]\T5/cmr/bx/n/12 A. 
 []


Overfull \hbox (2.0967pt too wide) in paragraph at lines 28--28
[]\T5/cmr/bx/n/12 B. 
 []


Overfull \hbox (2.24945pt too wide) in paragraph at lines 28--28
[]\T5/cmr/bx/n/12 C. 
 []


Overfull \hbox (2.84651pt too wide) in paragraph at lines 28--28
[]\T5/cmr/bx/n/12 D. 
 []


Overfull \hbox (2.69379pt too wide) in paragraph at lines 38--38
[]\T5/cmr/bx/n/12 A. 
 []


Overfull \hbox (2.0967pt too wide) in paragraph at lines 38--38
[]\T5/cmr/bx/n/12 B. 
 []


Overfull \hbox (2.24945pt too wide) in paragraph at lines 38--38
[]\T5/cmr/bx/n/12 C. 
 []


Overfull \hbox (2.84651pt too wide) in paragraph at lines 38--38
[]\T5/cmr/bx/n/12 D. 
 []


Overfull \hbox (2.69379pt too wide) in paragraph at lines 48--48
[]\T5/cmr/bx/n/12 A. 
 []


Overfull \hbox (2.0967pt too wide) in paragraph at lines 48--48
[]\T5/cmr/bx/n/12 B. 
 []


Overfull \hbox (2.24945pt too wide) in paragraph at lines 48--48
[]\T5/cmr/bx/n/12 C. 
 []


Overfull \hbox (2.84651pt too wide) in paragraph at lines 48--48
[]\T5/cmr/bx/n/12 D. 
 []


Overfull \hbox (2.69379pt too wide) in paragraph at lines 58--58
[]\T5/cmr/bx/n/12 A. 
 []


Overfull \hbox (2.0967pt too wide) in paragraph at lines 58--58
[]\T5/cmr/bx/n/12 B. 
 []


Overfull \hbox (2.24945pt too wide) in paragraph at lines 58--58
[]\T5/cmr/bx/n/12 C. 
 []


Overfull \hbox (2.84651pt too wide) in paragraph at lines 58--58
[]\T5/cmr/bx/n/12 D. 
 []


Overfull \hbox (2.69379pt too wide) in paragraph at lines 68--68
[]\T5/cmr/bx/n/12 A. 
 []


Overfull \hbox (2.0967pt too wide) in paragraph at lines 68--68
[]\T5/cmr/bx/n/12 B. 
 []


Overfull \hbox (2.24945pt too wide) in paragraph at lines 68--68
[]\T5/cmr/bx/n/12 C. 
 []


Overfull \hbox (2.84651pt too wide) in paragraph at lines 68--68
[]\T5/cmr/bx/n/12 D. 
 []

[1

{C:/Users/Admin/AppData/Local/MiKTeX/fonts/map/pdftex/pdftex.map}]
Overfull \hbox (2.69379pt too wide) in paragraph at lines 78--78
[]\T5/cmr/bx/n/12 A. 
 []


Overfull \hbox (2.0967pt too wide) in paragraph at lines 78--78
[]\T5/cmr/bx/n/12 B. 
 []


Overfull \hbox (2.24945pt too wide) in paragraph at lines 78--78
[]\T5/cmr/bx/n/12 C. 
 []


Overfull \hbox (2.84651pt too wide) in paragraph at lines 78--78
[]\T5/cmr/bx/n/12 D. 
 []


Overfull \hbox (2.69379pt too wide) in paragraph at lines 88--88
[]\T5/cmr/bx/n/12 A. 
 []


Overfull \hbox (2.0967pt too wide) in paragraph at lines 88--88
[]\T5/cmr/bx/n/12 B. 
 []


Overfull \hbox (2.24945pt too wide) in paragraph at lines 88--88
[]\T5/cmr/bx/n/12 C. 
 []


Overfull \hbox (2.84651pt too wide) in paragraph at lines 88--88
[]\T5/cmr/bx/n/12 D. 
 []


Overfull \hbox (2.69379pt too wide) in paragraph at lines 98--98
[]\T5/cmr/bx/n/12 A. 
 []


Overfull \hbox (2.0967pt too wide) in paragraph at lines 98--98
[]\T5/cmr/bx/n/12 B. 
 []


Overfull \hbox (2.24945pt too wide) in paragraph at lines 98--98
[]\T5/cmr/bx/n/12 C. 
 []


Overfull \hbox (2.84651pt too wide) in paragraph at lines 98--98
[]\T5/cmr/bx/n/12 D. 
 []


Overfull \hbox (2.69379pt too wide) in paragraph at lines 108--108
[]\T5/cmr/bx/n/12 A. 
 []


Overfull \hbox (2.0967pt too wide) in paragraph at lines 108--108
[]\T5/cmr/bx/n/12 B. 
 []


Overfull \hbox (2.24945pt too wide) in paragraph at lines 108--108
[]\T5/cmr/bx/n/12 C. 
 []


Overfull \hbox (2.84651pt too wide) in paragraph at lines 108--108
[]\T5/cmr/bx/n/12 D. 
 []


Overfull \hbox (2.69379pt too wide) in paragraph at lines 118--118
[]\T5/cmr/bx/n/12 A. 
 []


Overfull \hbox (2.0967pt too wide) in paragraph at lines 118--118
[]\T5/cmr/bx/n/12 B. 
 []


Overfull \hbox (2.24945pt too wide) in paragraph at lines 118--118
[]\T5/cmr/bx/n/12 C. 
 []


Overfull \hbox (2.84651pt too wide) in paragraph at lines 118--118
[]\T5/cmr/bx/n/12 D. 
 []


Overfull \hbox (2.69379pt too wide) in paragraph at lines 128--128
[]\T5/cmr/bx/n/12 A. 
 []


Overfull \hbox (2.0967pt too wide) in paragraph at lines 128--128
[]\T5/cmr/bx/n/12 B. 
 []


Overfull \hbox (2.24945pt too wide) in paragraph at lines 128--128
[]\T5/cmr/bx/n/12 C. 
 []


Overfull \hbox (2.84651pt too wide) in paragraph at lines 128--128
[]\T5/cmr/bx/n/12 D. 
 []


Overfull \hbox (2.69379pt too wide) in paragraph at lines 138--138
[]\T5/cmr/bx/n/12 A. 
 []


Overfull \hbox (2.0967pt too wide) in paragraph at lines 138--138
[]\T5/cmr/bx/n/12 B. 
 []


Overfull \hbox (2.24945pt too wide) in paragraph at lines 138--138
[]\T5/cmr/bx/n/12 C. 
 []


Overfull \hbox (2.84651pt too wide) in paragraph at lines 138--138
[]\T5/cmr/bx/n/12 D. 
 []

[2]
Overfull \hbox (2.69379pt too wide) in paragraph at lines 148--148
[]\T5/cmr/bx/n/12 A. 
 []


Overfull \hbox (2.0967pt too wide) in paragraph at lines 148--148
[]\T5/cmr/bx/n/12 B. 
 []


Overfull \hbox (2.24945pt too wide) in paragraph at lines 148--148
[]\T5/cmr/bx/n/12 C. 
 []


Overfull \hbox (2.84651pt too wide) in paragraph at lines 148--148
[]\T5/cmr/bx/n/12 D. 
 []


Overfull \hbox (2.69379pt too wide) in paragraph at lines 158--158
[]\T5/cmr/bx/n/12 A. 
 []


Overfull \hbox (2.0967pt too wide) in paragraph at lines 158--158
[]\T5/cmr/bx/n/12 B. 
 []


Overfull \hbox (2.24945pt too wide) in paragraph at lines 158--158
[]\T5/cmr/bx/n/12 C. 
 []


Overfull \hbox (2.84651pt too wide) in paragraph at lines 158--158
[]\T5/cmr/bx/n/12 D. 
 []


Overfull \hbox (2.69379pt too wide) in paragraph at lines 168--168
[]\T5/cmr/bx/n/12 A. 
 []


Overfull \hbox (2.0967pt too wide) in paragraph at lines 168--168
[]\T5/cmr/bx/n/12 B. 
 []


Overfull \hbox (2.24945pt too wide) in paragraph at lines 168--168
[]\T5/cmr/bx/n/12 C. 
 []


Overfull \hbox (2.84651pt too wide) in paragraph at lines 168--168
[]\T5/cmr/bx/n/12 D. 
 []


Overfull \hbox (2.69379pt too wide) in paragraph at lines 178--178
[]\T5/cmr/bx/n/12 A. 
 []


Overfull \hbox (2.0967pt too wide) in paragraph at lines 178--178
[]\T5/cmr/bx/n/12 B. 
 []


Overfull \hbox (2.24945pt too wide) in paragraph at lines 178--178
[]\T5/cmr/bx/n/12 C. 
 []


Overfull \hbox (2.84651pt too wide) in paragraph at lines 178--178
[]\T5/cmr/bx/n/12 D. 
 []


Overfull \hbox (2.69379pt too wide) in paragraph at lines 188--188
[]\T5/cmr/bx/n/12 A. 
 []


Overfull \hbox (2.0967pt too wide) in paragraph at lines 188--188
[]\T5/cmr/bx/n/12 B. 
 []


Overfull \hbox (2.24945pt too wide) in paragraph at lines 188--188
[]\T5/cmr/bx/n/12 C. 
 []


Overfull \hbox (2.84651pt too wide) in paragraph at lines 188--188
[]\T5/cmr/bx/n/12 D. 
 []


Overfull \hbox (2.69379pt too wide) in paragraph at lines 198--198
[]\T5/cmr/bx/n/12 A. 
 []


Overfull \hbox (2.0967pt too wide) in paragraph at lines 198--198
[]\T5/cmr/bx/n/12 B. 
 []


Overfull \hbox (2.24945pt too wide) in paragraph at lines 198--198
[]\T5/cmr/bx/n/12 C. 
 []


Overfull \hbox (2.84651pt too wide) in paragraph at lines 198--198
[]\T5/cmr/bx/n/12 D. 
 []


Overfull \hbox (2.69379pt too wide) in paragraph at lines 208--208
[]\T5/cmr/bx/n/12 A. 
 []


Overfull \hbox (2.0967pt too wide) in paragraph at lines 208--208
[]\T5/cmr/bx/n/12 B. 
 []


Overfull \hbox (2.24945pt too wide) in paragraph at lines 208--208
[]\T5/cmr/bx/n/12 C. 
 []


Overfull \hbox (2.84651pt too wide) in paragraph at lines 208--208
[]\T5/cmr/bx/n/12 D. 
 []

[3]
Overfull \hbox (2.69379pt too wide) in paragraph at lines 218--218
[]\T5/cmr/bx/n/12 A. 
 []


Overfull \hbox (2.0967pt too wide) in paragraph at lines 218--218
[]\T5/cmr/bx/n/12 B. 
 []


Overfull \hbox (2.24945pt too wide) in paragraph at lines 218--218
[]\T5/cmr/bx/n/12 C. 
 []


Overfull \hbox (2.84651pt too wide) in paragraph at lines 218--218
[]\T5/cmr/bx/n/12 D. 
 []


Overfull \hbox (2.69379pt too wide) in paragraph at lines 228--228
[]\T5/cmr/bx/n/12 A. 
 []


Overfull \hbox (2.0967pt too wide) in paragraph at lines 228--228
[]\T5/cmr/bx/n/12 B. 
 []


Overfull \hbox (2.24945pt too wide) in paragraph at lines 228--228
[]\T5/cmr/bx/n/12 C. 
 []


Overfull \hbox (2.84651pt too wide) in paragraph at lines 228--228
[]\T5/cmr/bx/n/12 D. 
 []


Overfull \hbox (2.69379pt too wide) in paragraph at lines 238--238
[]\T5/cmr/bx/n/12 A. 
 []


Overfull \hbox (2.0967pt too wide) in paragraph at lines 238--238
[]\T5/cmr/bx/n/12 B. 
 []


Overfull \hbox (2.24945pt too wide) in paragraph at lines 238--238
[]\T5/cmr/bx/n/12 C. 
 []


Overfull \hbox (2.84651pt too wide) in paragraph at lines 238--238
[]\T5/cmr/bx/n/12 D. 
 []


Overfull \hbox (2.69379pt too wide) in paragraph at lines 248--248
[]\T5/cmr/bx/n/12 A. 
 []


Overfull \hbox (2.0967pt too wide) in paragraph at lines 248--248
[]\T5/cmr/bx/n/12 B. 
 []


Overfull \hbox (2.24945pt too wide) in paragraph at lines 248--248
[]\T5/cmr/bx/n/12 C. 
 []


Overfull \hbox (2.84651pt too wide) in paragraph at lines 248--248
[]\T5/cmr/bx/n/12 D. 
 []


Overfull \hbox (2.69379pt too wide) in paragraph at lines 258--258
[]\T5/cmr/bx/n/12 A. 
 []


Overfull \hbox (2.0967pt too wide) in paragraph at lines 258--258
[]\T5/cmr/bx/n/12 B. 
 []


Overfull \hbox (2.24945pt too wide) in paragraph at lines 258--258
[]\T5/cmr/bx/n/12 C. 
 []


Overfull \hbox (2.84651pt too wide) in paragraph at lines 258--258
[]\T5/cmr/bx/n/12 D. 
 []


Overfull \hbox (2.69379pt too wide) in paragraph at lines 268--268
[]\T5/cmr/bx/n/12 A. 
 []


Overfull \hbox (2.0967pt too wide) in paragraph at lines 268--268
[]\T5/cmr/bx/n/12 B. 
 []


Overfull \hbox (2.24945pt too wide) in paragraph at lines 268--268
[]\T5/cmr/bx/n/12 C. 
 []


Overfull \hbox (2.84651pt too wide) in paragraph at lines 268--268
[]\T5/cmr/bx/n/12 D. 
 []


Overfull \hbox (2.69379pt too wide) in paragraph at lines 278--278
[]\T5/cmr/bx/n/12 A. 
 []


Overfull \hbox (2.0967pt too wide) in paragraph at lines 278--278
[]\T5/cmr/bx/n/12 B. 
 []


Overfull \hbox (2.24945pt too wide) in paragraph at lines 278--278
[]\T5/cmr/bx/n/12 C. 
 []


Overfull \hbox (2.84651pt too wide) in paragraph at lines 278--278
[]\T5/cmr/bx/n/12 D. 
 []

[4]
Overfull \hbox (2.69379pt too wide) in paragraph at lines 288--288
[]\T5/cmr/bx/n/12 A. 
 []


Overfull \hbox (2.0967pt too wide) in paragraph at lines 288--288
[]\T5/cmr/bx/n/12 B. 
 []


Overfull \hbox (2.24945pt too wide) in paragraph at lines 288--288
[]\T5/cmr/bx/n/12 C. 
 []


Overfull \hbox (2.84651pt too wide) in paragraph at lines 288--288
[]\T5/cmr/bx/n/12 D. 
 []


Overfull \hbox (2.69379pt too wide) in paragraph at lines 298--298
[]\T5/cmr/bx/n/12 A. 
 []


Overfull \hbox (2.0967pt too wide) in paragraph at lines 298--298
[]\T5/cmr/bx/n/12 B. 
 []


Overfull \hbox (2.24945pt too wide) in paragraph at lines 298--298
[]\T5/cmr/bx/n/12 C. 
 []


Overfull \hbox (2.84651pt too wide) in paragraph at lines 298--298
[]\T5/cmr/bx/n/12 D. 
 []


Overfull \hbox (2.69379pt too wide) in paragraph at lines 308--308
[]\T5/cmr/bx/n/12 A. 
 []


Overfull \hbox (2.0967pt too wide) in paragraph at lines 308--308
[]\T5/cmr/bx/n/12 B. 
 []


Overfull \hbox (2.24945pt too wide) in paragraph at lines 308--308
[]\T5/cmr/bx/n/12 C. 
 []


Overfull \hbox (2.84651pt too wide) in paragraph at lines 308--308
[]\T5/cmr/bx/n/12 D. 
 []


Overfull \hbox (2.69379pt too wide) in paragraph at lines 318--318
[]\T5/cmr/bx/n/12 A. 
 []


Overfull \hbox (2.0967pt too wide) in paragraph at lines 318--318
[]\T5/cmr/bx/n/12 B. 
 []


Overfull \hbox (2.24945pt too wide) in paragraph at lines 318--318
[]\T5/cmr/bx/n/12 C. 
 []


Overfull \hbox (2.84651pt too wide) in paragraph at lines 318--318
[]\T5/cmr/bx/n/12 D. 
 []


Overfull \hbox (2.69379pt too wide) in paragraph at lines 328--328
[]\T5/cmr/bx/n/12 A. 
 []


Overfull \hbox (2.0967pt too wide) in paragraph at lines 328--328
[]\T5/cmr/bx/n/12 B. 
 []


Overfull \hbox (2.24945pt too wide) in paragraph at lines 328--328
[]\T5/cmr/bx/n/12 C. 
 []


Overfull \hbox (2.84651pt too wide) in paragraph at lines 328--328
[]\T5/cmr/bx/n/12 D. 
 []


Overfull \hbox (2.69379pt too wide) in paragraph at lines 338--338
[]\T5/cmr/bx/n/12 A. 
 []


Overfull \hbox (2.0967pt too wide) in paragraph at lines 338--338
[]\T5/cmr/bx/n/12 B. 
 []


Overfull \hbox (2.24945pt too wide) in paragraph at lines 338--338
[]\T5/cmr/bx/n/12 C. 
 []


Overfull \hbox (2.84651pt too wide) in paragraph at lines 338--338
[]\T5/cmr/bx/n/12 D. 
 []


Overfull \hbox (2.69379pt too wide) in paragraph at lines 348--348
[]\T5/cmr/bx/n/12 A. 
 []


Overfull \hbox (2.0967pt too wide) in paragraph at lines 348--348
[]\T5/cmr/bx/n/12 B. 
 []


Overfull \hbox (2.24945pt too wide) in paragraph at lines 348--348
[]\T5/cmr/bx/n/12 C. 
 []


Overfull \hbox (2.84651pt too wide) in paragraph at lines 348--348
[]\T5/cmr/bx/n/12 D. 
 []

[5]
Overfull \hbox (2.69379pt too wide) in paragraph at lines 358--358
[]\T5/cmr/bx/n/12 A. 
 []


Overfull \hbox (2.0967pt too wide) in paragraph at lines 358--358
[]\T5/cmr/bx/n/12 B. 
 []


Overfull \hbox (2.24945pt too wide) in paragraph at lines 358--358
[]\T5/cmr/bx/n/12 C. 
 []


Overfull \hbox (2.84651pt too wide) in paragraph at lines 358--358
[]\T5/cmr/bx/n/12 D. 
 []


Overfull \hbox (2.69379pt too wide) in paragraph at lines 368--368
[]\T5/cmr/bx/n/12 A. 
 []


Overfull \hbox (2.0967pt too wide) in paragraph at lines 368--368
[]\T5/cmr/bx/n/12 B. 
 []


Overfull \hbox (2.24945pt too wide) in paragraph at lines 368--368
[]\T5/cmr/bx/n/12 C. 
 []


Overfull \hbox (2.84651pt too wide) in paragraph at lines 368--368
[]\T5/cmr/bx/n/12 D. 
 []


Overfull \hbox (2.69379pt too wide) in paragraph at lines 378--378
[]\T5/cmr/bx/n/12 A. 
 []


Overfull \hbox (2.0967pt too wide) in paragraph at lines 378--378
[]\T5/cmr/bx/n/12 B. 
 []


Overfull \hbox (2.24945pt too wide) in paragraph at lines 378--378
[]\T5/cmr/bx/n/12 C. 
 []


Overfull \hbox (2.84651pt too wide) in paragraph at lines 378--378
[]\T5/cmr/bx/n/12 D. 
 []


Overfull \hbox (2.69379pt too wide) in paragraph at lines 388--388
[]\T5/cmr/bx/n/12 A. 
 []


Overfull \hbox (2.0967pt too wide) in paragraph at lines 388--388
[]\T5/cmr/bx/n/12 B. 
 []


Overfull \hbox (2.24945pt too wide) in paragraph at lines 388--388
[]\T5/cmr/bx/n/12 C. 
 []


Overfull \hbox (2.84651pt too wide) in paragraph at lines 388--388
[]\T5/cmr/bx/n/12 D. 
 []


Overfull \hbox (2.69379pt too wide) in paragraph at lines 398--398
[]\T5/cmr/bx/n/12 A. 
 []


Overfull \hbox (2.0967pt too wide) in paragraph at lines 398--398
[]\T5/cmr/bx/n/12 B. 
 []


Overfull \hbox (2.24945pt too wide) in paragraph at lines 398--398
[]\T5/cmr/bx/n/12 C. 
 []


Overfull \hbox (2.84651pt too wide) in paragraph at lines 398--398
[]\T5/cmr/bx/n/12 D. 
 []


Overfull \hbox (2.69379pt too wide) in paragraph at lines 408--408
[]\T5/cmr/bx/n/12 A. 
 []


Overfull \hbox (2.0967pt too wide) in paragraph at lines 408--408
[]\T5/cmr/bx/n/12 B. 
 []


Overfull \hbox (2.24945pt too wide) in paragraph at lines 408--408
[]\T5/cmr/bx/n/12 C. 
 []


Overfull \hbox (2.84651pt too wide) in paragraph at lines 408--408
[]\T5/cmr/bx/n/12 D. 
 []


Overfull \hbox (2.69379pt too wide) in paragraph at lines 418--418
[]\T5/cmr/bx/n/12 A. 
 []


Overfull \hbox (2.0967pt too wide) in paragraph at lines 418--418
[]\T5/cmr/bx/n/12 B. 
 []


Overfull \hbox (2.24945pt too wide) in paragraph at lines 418--418
[]\T5/cmr/bx/n/12 C. 
 []


Overfull \hbox (2.84651pt too wide) in paragraph at lines 418--418
[]\T5/cmr/bx/n/12 D. 
 []

[6]
Overfull \hbox (2.69379pt too wide) in paragraph at lines 428--428
[]\T5/cmr/bx/n/12 A. 
 []


Overfull \hbox (2.0967pt too wide) in paragraph at lines 428--428
[]\T5/cmr/bx/n/12 B. 
 []


Overfull \hbox (2.24945pt too wide) in paragraph at lines 428--428
[]\T5/cmr/bx/n/12 C. 
 []


Overfull \hbox (2.84651pt too wide) in paragraph at lines 428--428
[]\T5/cmr/bx/n/12 D. 
 []


Overfull \hbox (2.69379pt too wide) in paragraph at lines 438--438
[]\T5/cmr/bx/n/12 A. 
 []


Overfull \hbox (2.0967pt too wide) in paragraph at lines 438--438
[]\T5/cmr/bx/n/12 B. 
 []


Overfull \hbox (2.24945pt too wide) in paragraph at lines 438--438
[]\T5/cmr/bx/n/12 C. 
 []


Overfull \hbox (2.84651pt too wide) in paragraph at lines 438--438
[]\T5/cmr/bx/n/12 D. 
 []


Overfull \hbox (2.69379pt too wide) in paragraph at lines 448--448
[]\T5/cmr/bx/n/12 A. 
 []


Overfull \hbox (2.0967pt too wide) in paragraph at lines 448--448
[]\T5/cmr/bx/n/12 B. 
 []


Overfull \hbox (2.24945pt too wide) in paragraph at lines 448--448
[]\T5/cmr/bx/n/12 C. 
 []


Overfull \hbox (2.84651pt too wide) in paragraph at lines 448--448
[]\T5/cmr/bx/n/12 D. 
 []


Overfull \hbox (2.69379pt too wide) in paragraph at lines 458--458
[]\T5/cmr/bx/n/12 A. 
 []


Overfull \hbox (2.0967pt too wide) in paragraph at lines 458--458
[]\T5/cmr/bx/n/12 B. 
 []


Overfull \hbox (2.24945pt too wide) in paragraph at lines 458--458
[]\T5/cmr/bx/n/12 C. 
 []


Overfull \hbox (2.84651pt too wide) in paragraph at lines 458--458
[]\T5/cmr/bx/n/12 D. 
 []


Overfull \hbox (2.69379pt too wide) in paragraph at lines 468--468
[]\T5/cmr/bx/n/12 A. 
 []


Overfull \hbox (2.0967pt too wide) in paragraph at lines 468--468
[]\T5/cmr/bx/n/12 B. 
 []


Overfull \hbox (2.24945pt too wide) in paragraph at lines 468--468
[]\T5/cmr/bx/n/12 C. 
 []


Overfull \hbox (2.84651pt too wide) in paragraph at lines 468--468
[]\T5/cmr/bx/n/12 D. 
 []


Overfull \hbox (2.69379pt too wide) in paragraph at lines 478--478
[]\T5/cmr/bx/n/12 A. 
 []


Overfull \hbox (2.0967pt too wide) in paragraph at lines 478--478
[]\T5/cmr/bx/n/12 B. 
 []


Overfull \hbox (2.24945pt too wide) in paragraph at lines 478--478
[]\T5/cmr/bx/n/12 C. 
 []


Overfull \hbox (2.84651pt too wide) in paragraph at lines 478--478
[]\T5/cmr/bx/n/12 D. 
 []


Overfull \hbox (2.69379pt too wide) in paragraph at lines 488--488
[]\T5/cmr/bx/n/12 A. 
 []


Overfull \hbox (2.0967pt too wide) in paragraph at lines 488--488
[]\T5/cmr/bx/n/12 B. 
 []


Overfull \hbox (2.24945pt too wide) in paragraph at lines 488--488
[]\T5/cmr/bx/n/12 C. 
 []


Overfull \hbox (2.84651pt too wide) in paragraph at lines 488--488
[]\T5/cmr/bx/n/12 D. 
 []

[7]
Overfull \hbox (2.69379pt too wide) in paragraph at lines 498--498
[]\T5/cmr/bx/n/12 A. 
 []


Overfull \hbox (2.0967pt too wide) in paragraph at lines 498--498
[]\T5/cmr/bx/n/12 B. 
 []


Overfull \hbox (2.24945pt too wide) in paragraph at lines 498--498
[]\T5/cmr/bx/n/12 C. 
 []


Overfull \hbox (2.84651pt too wide) in paragraph at lines 498--498
[]\T5/cmr/bx/n/12 D. 
 []


Overfull \hbox (2.69379pt too wide) in paragraph at lines 508--508
[]\T5/cmr/bx/n/12 A. 
 []


Overfull \hbox (2.0967pt too wide) in paragraph at lines 508--508
[]\T5/cmr/bx/n/12 B. 
 []


Overfull \hbox (2.24945pt too wide) in paragraph at lines 508--508
[]\T5/cmr/bx/n/12 C. 
 []


Overfull \hbox (2.84651pt too wide) in paragraph at lines 508--508
[]\T5/cmr/bx/n/12 D. 
 []


Overfull \hbox (2.69379pt too wide) in paragraph at lines 518--518
[]\T5/cmr/bx/n/12 A. 
 []


Overfull \hbox (2.0967pt too wide) in paragraph at lines 518--518
[]\T5/cmr/bx/n/12 B. 
 []


Overfull \hbox (2.24945pt too wide) in paragraph at lines 518--518
[]\T5/cmr/bx/n/12 C. 
 []


Overfull \hbox (2.84651pt too wide) in paragraph at lines 518--518
[]\T5/cmr/bx/n/12 D. 
 []


Overfull \hbox (2.69379pt too wide) in paragraph at lines 528--528
[]\T5/cmr/bx/n/12 A. 
 []


Overfull \hbox (2.0967pt too wide) in paragraph at lines 528--528
[]\T5/cmr/bx/n/12 B. 
 []


Overfull \hbox (2.24945pt too wide) in paragraph at lines 528--528
[]\T5/cmr/bx/n/12 C. 
 []


Overfull \hbox (2.84651pt too wide) in paragraph at lines 528--528
[]\T5/cmr/bx/n/12 D. 
 []


Overfull \hbox (2.69379pt too wide) in paragraph at lines 538--538
[]\T5/cmr/bx/n/12 A. 
 []


Overfull \hbox (2.0967pt too wide) in paragraph at lines 538--538
[]\T5/cmr/bx/n/12 B. 
 []


Overfull \hbox (2.24945pt too wide) in paragraph at lines 538--538
[]\T5/cmr/bx/n/12 C. 
 []


Overfull \hbox (2.84651pt too wide) in paragraph at lines 538--538
[]\T5/cmr/bx/n/12 D. 
 []


Overfull \hbox (2.69379pt too wide) in paragraph at lines 548--548
[]\T5/cmr/bx/n/12 A. 
 []


Overfull \hbox (2.0967pt too wide) in paragraph at lines 548--548
[]\T5/cmr/bx/n/12 B. 
 []


Overfull \hbox (2.24945pt too wide) in paragraph at lines 548--548
[]\T5/cmr/bx/n/12 C. 
 []


Overfull \hbox (2.84651pt too wide) in paragraph at lines 548--548
[]\T5/cmr/bx/n/12 D. 
 []


Overfull \hbox (2.69379pt too wide) in paragraph at lines 558--558
[]\T5/cmr/bx/n/12 A. 
 []


Overfull \hbox (2.0967pt too wide) in paragraph at lines 558--558
[]\T5/cmr/bx/n/12 B. 
 []


Overfull \hbox (2.24945pt too wide) in paragraph at lines 558--558
[]\T5/cmr/bx/n/12 C. 
 []


Overfull \hbox (2.84651pt too wide) in paragraph at lines 558--558
[]\T5/cmr/bx/n/12 D. 
 []

[8]
Overfull \hbox (2.69379pt too wide) in paragraph at lines 568--568
[]\T5/cmr/bx/n/12 A. 
 []


Overfull \hbox (2.0967pt too wide) in paragraph at lines 568--568
[]\T5/cmr/bx/n/12 B. 
 []


Overfull \hbox (2.24945pt too wide) in paragraph at lines 568--568
[]\T5/cmr/bx/n/12 C. 
 []


Overfull \hbox (2.84651pt too wide) in paragraph at lines 568--568
[]\T5/cmr/bx/n/12 D. 
 []


Overfull \hbox (2.69379pt too wide) in paragraph at lines 578--578
[]\T5/cmr/bx/n/12 A. 
 []


Overfull \hbox (2.0967pt too wide) in paragraph at lines 578--578
[]\T5/cmr/bx/n/12 B. 
 []


Overfull \hbox (2.24945pt too wide) in paragraph at lines 578--578
[]\T5/cmr/bx/n/12 C. 
 []


Overfull \hbox (2.84651pt too wide) in paragraph at lines 578--578
[]\T5/cmr/bx/n/12 D. 
 []


Overfull \hbox (2.69379pt too wide) in paragraph at lines 588--588
[]\T5/cmr/bx/n/12 A. 
 []


Overfull \hbox (2.0967pt too wide) in paragraph at lines 588--588
[]\T5/cmr/bx/n/12 B. 
 []


Overfull \hbox (2.24945pt too wide) in paragraph at lines 588--588
[]\T5/cmr/bx/n/12 C. 
 []


Overfull \hbox (2.84651pt too wide) in paragraph at lines 588--588
[]\T5/cmr/bx/n/12 D. 
 []


Overfull \hbox (2.69379pt too wide) in paragraph at lines 598--598
[]\T5/cmr/bx/n/12 A. 
 []


Overfull \hbox (2.0967pt too wide) in paragraph at lines 598--598
[]\T5/cmr/bx/n/12 B. 
 []


Overfull \hbox (2.24945pt too wide) in paragraph at lines 598--598
[]\T5/cmr/bx/n/12 C. 
 []


Overfull \hbox (2.84651pt too wide) in paragraph at lines 598--598
[]\T5/cmr/bx/n/12 D. 
 []


Overfull \hbox (2.69379pt too wide) in paragraph at lines 608--608
[]\T5/cmr/bx/n/12 A. 
 []


Overfull \hbox (2.0967pt too wide) in paragraph at lines 608--608
[]\T5/cmr/bx/n/12 B. 
 []


Overfull \hbox (2.24945pt too wide) in paragraph at lines 608--608
[]\T5/cmr/bx/n/12 C. 
 []


Overfull \hbox (2.84651pt too wide) in paragraph at lines 608--608
[]\T5/cmr/bx/n/12 D. 
 []


Overfull \hbox (2.69379pt too wide) in paragraph at lines 618--618
[]\T5/cmr/bx/n/12 A. 
 []


Overfull \hbox (2.0967pt too wide) in paragraph at lines 618--618
[]\T5/cmr/bx/n/12 B. 
 []


Overfull \hbox (2.24945pt too wide) in paragraph at lines 618--618
[]\T5/cmr/bx/n/12 C. 
 []


Overfull \hbox (2.84651pt too wide) in paragraph at lines 618--618
[]\T5/cmr/bx/n/12 D. 
 []


Overfull \hbox (2.69379pt too wide) in paragraph at lines 628--628
[]\T5/cmr/bx/n/12 A. 
 []


Overfull \hbox (2.0967pt too wide) in paragraph at lines 628--628
[]\T5/cmr/bx/n/12 B. 
 []


Overfull \hbox (2.24945pt too wide) in paragraph at lines 628--628
[]\T5/cmr/bx/n/12 C. 
 []


Overfull \hbox (2.84651pt too wide) in paragraph at lines 628--628
[]\T5/cmr/bx/n/12 D. 
 []

[9]
Overfull \hbox (2.69379pt too wide) in paragraph at lines 638--638
[]\T5/cmr/bx/n/12 A. 
 []


Overfull \hbox (2.0967pt too wide) in paragraph at lines 638--638
[]\T5/cmr/bx/n/12 B. 
 []


Overfull \hbox (2.24945pt too wide) in paragraph at lines 638--638
[]\T5/cmr/bx/n/12 C. 
 []


Overfull \hbox (2.84651pt too wide) in paragraph at lines 638--638
[]\T5/cmr/bx/n/12 D. 
 []


Overfull \hbox (2.69379pt too wide) in paragraph at lines 648--648
[]\T5/cmr/bx/n/12 A. 
 []


Overfull \hbox (2.0967pt too wide) in paragraph at lines 648--648
[]\T5/cmr/bx/n/12 B. 
 []


Overfull \hbox (2.24945pt too wide) in paragraph at lines 648--648
[]\T5/cmr/bx/n/12 C. 
 []


Overfull \hbox (2.84651pt too wide) in paragraph at lines 648--648
[]\T5/cmr/bx/n/12 D. 
 []


Overfull \hbox (2.69379pt too wide) in paragraph at lines 658--658
[]\T5/cmr/bx/n/12 A. 
 []


Overfull \hbox (2.0967pt too wide) in paragraph at lines 658--658
[]\T5/cmr/bx/n/12 B. 
 []


Overfull \hbox (2.24945pt too wide) in paragraph at lines 658--658
[]\T5/cmr/bx/n/12 C. 
 []


Overfull \hbox (2.84651pt too wide) in paragraph at lines 658--658
[]\T5/cmr/bx/n/12 D. 
 []


Overfull \hbox (2.69379pt too wide) in paragraph at lines 668--668
[]\T5/cmr/bx/n/12 A. 
 []


Overfull \hbox (2.0967pt too wide) in paragraph at lines 668--668
[]\T5/cmr/bx/n/12 B. 
 []


Overfull \hbox (2.24945pt too wide) in paragraph at lines 668--668
[]\T5/cmr/bx/n/12 C. 
 []


Overfull \hbox (2.84651pt too wide) in paragraph at lines 668--668
[]\T5/cmr/bx/n/12 D. 
 []


Overfull \hbox (2.69379pt too wide) in paragraph at lines 678--678
[]\T5/cmr/bx/n/12 A. 
 []


Overfull \hbox (2.0967pt too wide) in paragraph at lines 678--678
[]\T5/cmr/bx/n/12 B. 
 []


Overfull \hbox (2.24945pt too wide) in paragraph at lines 678--678
[]\T5/cmr/bx/n/12 C. 
 []


Overfull \hbox (2.84651pt too wide) in paragraph at lines 678--678
[]\T5/cmr/bx/n/12 D. 
 []


Overfull \hbox (2.69379pt too wide) in paragraph at lines 688--688
[]\T5/cmr/bx/n/12 A. 
 []


Overfull \hbox (2.0967pt too wide) in paragraph at lines 688--688
[]\T5/cmr/bx/n/12 B. 
 []


Overfull \hbox (2.24945pt too wide) in paragraph at lines 688--688
[]\T5/cmr/bx/n/12 C. 
 []


Overfull \hbox (2.84651pt too wide) in paragraph at lines 688--688
[]\T5/cmr/bx/n/12 D. 
 []


Overfull \hbox (2.69379pt too wide) in paragraph at lines 698--698
[]\T5/cmr/bx/n/12 A. 
 []


Overfull \hbox (2.0967pt too wide) in paragraph at lines 698--698
[]\T5/cmr/bx/n/12 B. 
 []


Overfull \hbox (2.24945pt too wide) in paragraph at lines 698--698
[]\T5/cmr/bx/n/12 C. 
 []


Overfull \hbox (2.84651pt too wide) in paragraph at lines 698--698
[]\T5/cmr/bx/n/12 D. 
 []

[10]
Overfull \hbox (2.69379pt too wide) in paragraph at lines 708--708
[]\T5/cmr/bx/n/12 A. 
 []


Overfull \hbox (2.0967pt too wide) in paragraph at lines 708--708
[]\T5/cmr/bx/n/12 B. 
 []


Overfull \hbox (2.24945pt too wide) in paragraph at lines 708--708
[]\T5/cmr/bx/n/12 C. 
 []


Overfull \hbox (2.84651pt too wide) in paragraph at lines 708--708
[]\T5/cmr/bx/n/12 D. 
 []


Overfull \hbox (2.69379pt too wide) in paragraph at lines 718--718
[]\T5/cmr/bx/n/12 A. 
 []


Overfull \hbox (2.0967pt too wide) in paragraph at lines 718--718
[]\T5/cmr/bx/n/12 B. 
 []


Overfull \hbox (2.24945pt too wide) in paragraph at lines 718--718
[]\T5/cmr/bx/n/12 C. 
 []


Overfull \hbox (2.84651pt too wide) in paragraph at lines 718--718
[]\T5/cmr/bx/n/12 D. 
 []


Overfull \hbox (2.69379pt too wide) in paragraph at lines 728--728
[]\T5/cmr/bx/n/12 A. 
 []


Overfull \hbox (2.0967pt too wide) in paragraph at lines 728--728
[]\T5/cmr/bx/n/12 B. 
 []


Overfull \hbox (2.24945pt too wide) in paragraph at lines 728--728
[]\T5/cmr/bx/n/12 C. 
 []


Overfull \hbox (2.84651pt too wide) in paragraph at lines 728--728
[]\T5/cmr/bx/n/12 D. 
 []


Overfull \hbox (2.69379pt too wide) in paragraph at lines 738--738
[]\T5/cmr/bx/n/12 A. 
 []


Overfull \hbox (2.0967pt too wide) in paragraph at lines 738--738
[]\T5/cmr/bx/n/12 B. 
 []


Overfull \hbox (2.24945pt too wide) in paragraph at lines 738--738
[]\T5/cmr/bx/n/12 C. 
 []


Overfull \hbox (2.84651pt too wide) in paragraph at lines 738--738
[]\T5/cmr/bx/n/12 D. 
 []


Overfull \hbox (2.69379pt too wide) in paragraph at lines 748--748
[]\T5/cmr/bx/n/12 A. 
 []


Overfull \hbox (2.0967pt too wide) in paragraph at lines 748--748
[]\T5/cmr/bx/n/12 B. 
 []


Overfull \hbox (2.24945pt too wide) in paragraph at lines 748--748
[]\T5/cmr/bx/n/12 C. 
 []


Overfull \hbox (2.84651pt too wide) in paragraph at lines 748--748
[]\T5/cmr/bx/n/12 D. 
 []


Overfull \hbox (2.69379pt too wide) in paragraph at lines 758--758
[]\T5/cmr/bx/n/12 A. 
 []


Overfull \hbox (2.0967pt too wide) in paragraph at lines 758--758
[]\T5/cmr/bx/n/12 B. 
 []


Overfull \hbox (2.24945pt too wide) in paragraph at lines 758--758
[]\T5/cmr/bx/n/12 C. 
 []


Overfull \hbox (2.84651pt too wide) in paragraph at lines 758--758
[]\T5/cmr/bx/n/12 D. 
 []


Overfull \hbox (2.69379pt too wide) in paragraph at lines 768--768
[]\T5/cmr/bx/n/12 A. 
 []


Overfull \hbox (2.0967pt too wide) in paragraph at lines 768--768
[]\T5/cmr/bx/n/12 B. 
 []


Overfull \hbox (2.24945pt too wide) in paragraph at lines 768--768
[]\T5/cmr/bx/n/12 C. 
 []


Overfull \hbox (2.84651pt too wide) in paragraph at lines 768--768
[]\T5/cmr/bx/n/12 D. 
 []

[11]
Overfull \hbox (2.69379pt too wide) in paragraph at lines 778--778
[]\T5/cmr/bx/n/12 A. 
 []


Overfull \hbox (2.0967pt too wide) in paragraph at lines 778--778
[]\T5/cmr/bx/n/12 B. 
 []


Overfull \hbox (2.24945pt too wide) in paragraph at lines 778--778
[]\T5/cmr/bx/n/12 C. 
 []


Overfull \hbox (2.84651pt too wide) in paragraph at lines 778--778
[]\T5/cmr/bx/n/12 D. 
 []


Overfull \hbox (2.69379pt too wide) in paragraph at lines 788--788
[]\T5/cmr/bx/n/12 A. 
 []


Overfull \hbox (2.0967pt too wide) in paragraph at lines 788--788
[]\T5/cmr/bx/n/12 B. 
 []


Overfull \hbox (2.24945pt too wide) in paragraph at lines 788--788
[]\T5/cmr/bx/n/12 C. 
 []


Overfull \hbox (2.84651pt too wide) in paragraph at lines 788--788
[]\T5/cmr/bx/n/12 D. 
 []


Overfull \hbox (2.69379pt too wide) in paragraph at lines 798--798
[]\T5/cmr/bx/n/12 A. 
 []


Overfull \hbox (2.0967pt too wide) in paragraph at lines 798--798
[]\T5/cmr/bx/n/12 B. 
 []


Overfull \hbox (2.24945pt too wide) in paragraph at lines 798--798
[]\T5/cmr/bx/n/12 C. 
 []


Overfull \hbox (2.84651pt too wide) in paragraph at lines 798--798
[]\T5/cmr/bx/n/12 D. 
 []


Overfull \hbox (2.69379pt too wide) in paragraph at lines 808--808
[]\T5/cmr/bx/n/12 A. 
 []


Overfull \hbox (2.0967pt too wide) in paragraph at lines 808--808
[]\T5/cmr/bx/n/12 B. 
 []


Overfull \hbox (2.24945pt too wide) in paragraph at lines 808--808
[]\T5/cmr/bx/n/12 C. 
 []


Overfull \hbox (2.84651pt too wide) in paragraph at lines 808--808
[]\T5/cmr/bx/n/12 D. 
 []


Overfull \hbox (2.69379pt too wide) in paragraph at lines 818--818
[]\T5/cmr/bx/n/12 A. 
 []


Overfull \hbox (2.0967pt too wide) in paragraph at lines 818--818
[]\T5/cmr/bx/n/12 B. 
 []


Overfull \hbox (2.24945pt too wide) in paragraph at lines 818--818
[]\T5/cmr/bx/n/12 C. 
 []


Overfull \hbox (2.84651pt too wide) in paragraph at lines 818--818
[]\T5/cmr/bx/n/12 D. 
 []


Overfull \hbox (2.69379pt too wide) in paragraph at lines 828--828
[]\T5/cmr/bx/n/12 A. 
 []


Overfull \hbox (2.0967pt too wide) in paragraph at lines 828--828
[]\T5/cmr/bx/n/12 B. 
 []


Overfull \hbox (2.24945pt too wide) in paragraph at lines 828--828
[]\T5/cmr/bx/n/12 C. 
 []


Overfull \hbox (2.84651pt too wide) in paragraph at lines 828--828
[]\T5/cmr/bx/n/12 D. 
 []


Overfull \hbox (2.69379pt too wide) in paragraph at lines 838--838
[]\T5/cmr/bx/n/12 A. 
 []


Overfull \hbox (2.0967pt too wide) in paragraph at lines 838--838
[]\T5/cmr/bx/n/12 B. 
 []


Overfull \hbox (2.24945pt too wide) in paragraph at lines 838--838
[]\T5/cmr/bx/n/12 C. 
 []


Overfull \hbox (2.84651pt too wide) in paragraph at lines 838--838
[]\T5/cmr/bx/n/12 D. 
 []

[12]
Overfull \hbox (2.69379pt too wide) in paragraph at lines 848--848
[]\T5/cmr/bx/n/12 A. 
 []


Overfull \hbox (2.0967pt too wide) in paragraph at lines 848--848
[]\T5/cmr/bx/n/12 B. 
 []


Overfull \hbox (2.24945pt too wide) in paragraph at lines 848--848
[]\T5/cmr/bx/n/12 C. 
 []


Overfull \hbox (2.84651pt too wide) in paragraph at lines 848--848
[]\T5/cmr/bx/n/12 D. 
 []


Overfull \hbox (2.69379pt too wide) in paragraph at lines 858--858
[]\T5/cmr/bx/n/12 A. 
 []


Overfull \hbox (2.0967pt too wide) in paragraph at lines 858--858
[]\T5/cmr/bx/n/12 B. 
 []


Overfull \hbox (2.24945pt too wide) in paragraph at lines 858--858
[]\T5/cmr/bx/n/12 C. 
 []


Overfull \hbox (2.84651pt too wide) in paragraph at lines 858--858
[]\T5/cmr/bx/n/12 D. 
 []


Overfull \hbox (2.69379pt too wide) in paragraph at lines 868--868
[]\T5/cmr/bx/n/12 A. 
 []


Overfull \hbox (2.0967pt too wide) in paragraph at lines 868--868
[]\T5/cmr/bx/n/12 B. 
 []


Overfull \hbox (2.24945pt too wide) in paragraph at lines 868--868
[]\T5/cmr/bx/n/12 C. 
 []


Overfull \hbox (2.84651pt too wide) in paragraph at lines 868--868
[]\T5/cmr/bx/n/12 D. 
 []


Overfull \hbox (2.69379pt too wide) in paragraph at lines 878--878
[]\T5/cmr/bx/n/12 A. 
 []


Overfull \hbox (2.0967pt too wide) in paragraph at lines 878--878
[]\T5/cmr/bx/n/12 B. 
 []


Overfull \hbox (2.24945pt too wide) in paragraph at lines 878--878
[]\T5/cmr/bx/n/12 C. 
 []


Overfull \hbox (2.84651pt too wide) in paragraph at lines 878--878
[]\T5/cmr/bx/n/12 D. 
 []


Overfull \hbox (2.69379pt too wide) in paragraph at lines 888--888
[]\T5/cmr/bx/n/12 A. 
 []


Overfull \hbox (2.0967pt too wide) in paragraph at lines 888--888
[]\T5/cmr/bx/n/12 B. 
 []


Overfull \hbox (2.24945pt too wide) in paragraph at lines 888--888
[]\T5/cmr/bx/n/12 C. 
 []


Overfull \hbox (2.84651pt too wide) in paragraph at lines 888--888
[]\T5/cmr/bx/n/12 D. 
 []


Overfull \hbox (2.69379pt too wide) in paragraph at lines 898--898
[]\T5/cmr/bx/n/12 A. 
 []


Overfull \hbox (2.0967pt too wide) in paragraph at lines 898--898
[]\T5/cmr/bx/n/12 B. 
 []


Overfull \hbox (2.24945pt too wide) in paragraph at lines 898--898
[]\T5/cmr/bx/n/12 C. 
 []


Overfull \hbox (2.84651pt too wide) in paragraph at lines 898--898
[]\T5/cmr/bx/n/12 D. 
 []


Overfull \hbox (2.69379pt too wide) in paragraph at lines 908--908
[]\T5/cmr/bx/n/12 A. 
 []


Overfull \hbox (2.0967pt too wide) in paragraph at lines 908--908
[]\T5/cmr/bx/n/12 B. 
 []


Overfull \hbox (2.24945pt too wide) in paragraph at lines 908--908
[]\T5/cmr/bx/n/12 C. 
 []


Overfull \hbox (2.84651pt too wide) in paragraph at lines 908--908
[]\T5/cmr/bx/n/12 D. 
 []

[13]
Overfull \hbox (2.69379pt too wide) in paragraph at lines 918--918
[]\T5/cmr/bx/n/12 A. 
 []


Overfull \hbox (2.0967pt too wide) in paragraph at lines 918--918
[]\T5/cmr/bx/n/12 B. 
 []


Overfull \hbox (2.24945pt too wide) in paragraph at lines 918--918
[]\T5/cmr/bx/n/12 C. 
 []


Overfull \hbox (2.84651pt too wide) in paragraph at lines 918--918
[]\T5/cmr/bx/n/12 D. 
 []


Overfull \hbox (2.69379pt too wide) in paragraph at lines 928--928
[]\T5/cmr/bx/n/12 A. 
 []


Overfull \hbox (2.0967pt too wide) in paragraph at lines 928--928
[]\T5/cmr/bx/n/12 B. 
 []


Overfull \hbox (2.24945pt too wide) in paragraph at lines 928--928
[]\T5/cmr/bx/n/12 C. 
 []


Overfull \hbox (2.84651pt too wide) in paragraph at lines 928--928
[]\T5/cmr/bx/n/12 D. 
 []


Overfull \hbox (2.69379pt too wide) in paragraph at lines 938--938
[]\T5/cmr/bx/n/12 A. 
 []


Overfull \hbox (2.0967pt too wide) in paragraph at lines 938--938
[]\T5/cmr/bx/n/12 B. 
 []


Overfull \hbox (2.24945pt too wide) in paragraph at lines 938--938
[]\T5/cmr/bx/n/12 C. 
 []


Overfull \hbox (2.84651pt too wide) in paragraph at lines 938--938
[]\T5/cmr/bx/n/12 D. 
 []


Overfull \hbox (2.69379pt too wide) in paragraph at lines 948--948
[]\T5/cmr/bx/n/12 A. 
 []


Overfull \hbox (2.0967pt too wide) in paragraph at lines 948--948
[]\T5/cmr/bx/n/12 B. 
 []


Overfull \hbox (2.24945pt too wide) in paragraph at lines 948--948
[]\T5/cmr/bx/n/12 C. 
 []


Overfull \hbox (2.84651pt too wide) in paragraph at lines 948--948
[]\T5/cmr/bx/n/12 D. 
 []


Overfull \hbox (2.69379pt too wide) in paragraph at lines 958--958
[]\T5/cmr/bx/n/12 A. 
 []


Overfull \hbox (2.0967pt too wide) in paragraph at lines 958--958
[]\T5/cmr/bx/n/12 B. 
 []


Overfull \hbox (2.24945pt too wide) in paragraph at lines 958--958
[]\T5/cmr/bx/n/12 C. 
 []


Overfull \hbox (2.84651pt too wide) in paragraph at lines 958--958
[]\T5/cmr/bx/n/12 D. 
 []


Overfull \hbox (2.69379pt too wide) in paragraph at lines 968--968
[]\T5/cmr/bx/n/12 A. 
 []


Overfull \hbox (2.0967pt too wide) in paragraph at lines 968--968
[]\T5/cmr/bx/n/12 B. 
 []


Overfull \hbox (2.24945pt too wide) in paragraph at lines 968--968
[]\T5/cmr/bx/n/12 C. 
 []


Overfull \hbox (2.84651pt too wide) in paragraph at lines 968--968
[]\T5/cmr/bx/n/12 D. 
 []


Overfull \hbox (2.69379pt too wide) in paragraph at lines 978--978
[]\T5/cmr/bx/n/12 A. 
 []


Overfull \hbox (2.0967pt too wide) in paragraph at lines 978--978
[]\T5/cmr/bx/n/12 B. 
 []


Overfull \hbox (2.24945pt too wide) in paragraph at lines 978--978
[]\T5/cmr/bx/n/12 C. 
 []


Overfull \hbox (2.84651pt too wide) in paragraph at lines 978--978
[]\T5/cmr/bx/n/12 D. 
 []

[14]
Overfull \hbox (2.69379pt too wide) in paragraph at lines 988--988
[]\T5/cmr/bx/n/12 A. 
 []


Overfull \hbox (2.0967pt too wide) in paragraph at lines 988--988
[]\T5/cmr/bx/n/12 B. 
 []


Overfull \hbox (2.24945pt too wide) in paragraph at lines 988--988
[]\T5/cmr/bx/n/12 C. 
 []


Overfull \hbox (2.84651pt too wide) in paragraph at lines 988--988
[]\T5/cmr/bx/n/12 D. 
 []


Overfull \hbox (2.69379pt too wide) in paragraph at lines 998--998
[]\T5/cmr/bx/n/12 A. 
 []


Overfull \hbox (2.0967pt too wide) in paragraph at lines 998--998
[]\T5/cmr/bx/n/12 B. 
 []


Overfull \hbox (2.24945pt too wide) in paragraph at lines 998--998
[]\T5/cmr/bx/n/12 C. 
 []


Overfull \hbox (2.84651pt too wide) in paragraph at lines 998--998
[]\T5/cmr/bx/n/12 D. 
 []

)
\tf@thm=\write8
\openout8 = `de.thm'.

 [15] (de.aux)
 ***********
LaTeX2e <2023-11-01> patch level 1
L3 programming layer <2024-01-04>
 ***********
 ) 
Here is how much of TeX's memory you used:
 27916 strings out of 474485
 575745 string characters out of 5751707
 1949542 words of memory out of 5000000
 49680 multiletter control sequences out of 15000+600000
 565161 words of font info for 59 fonts, out of 8000000 for 9000
 1141 hyphenation exceptions out of 8191
 117i,7n,121p,507b,862s stack positions out of 10000i,1000n,20000p,200000b,200000s
<E:/installationFolder/Latex/fonts/type1/public/amsfonts/cm/cmmi12.pfb><E:/in
stallationFolder/Latex/fonts/type1/public/amsfonts/cm/cmr12.pfb><E:/installatio
nFolder/Latex/fonts/type1/public/amsfonts/cm/cmsy10.pfb><E:/installationFolder/
Latex/fonts/type1/public/amsfonts/symbols/msam10.pfb><E:/installationFolder/Lat
ex/fonts/type1/vntex/vnr/vnbx12.pfb><E:/installationFolder/Latex/fonts/type1/vn
tex/vnr/vnr12.pfb>
Output written on de.pdf (15 pages, 107315 bytes).
PDF statistics:
 120 PDF objects out of 1000 (max. 8388607)
 0 named destinations out of 1000 (max. 500000)
 157 words of extra memory for PDF output out of 10000 (max. 10000000)

